This is pdfTeX, Version 3.14159265-2.6-1.40.19 (MiKTeX 2.9.6700 64-bit) (preloaded format=pdflatex 2018.6.3)  10 APR 2020 23:03
entering extended mode
**./Relatorio.tex
(Relatorio.tex
LaTeX2e <2018-04-01> patch level 5
Babel <3.20> and hyphenation patterns for 75 language(s) loaded.
("C:\Program Files\MiKTeX 2.9\tex\latex\base\report.cls"
Document Class: report 2014/09/29 v1.4h Standard LaTeX document class
("C:\Program Files\MiKTeX 2.9\tex\latex\base\size10.clo"
File: size10.clo 2014/09/29 v1.4h Standard LaTeX file (size option)
)
\c@part=\count80
\c@chapter=\count81
\c@section=\count82
\c@subsection=\count83
\c@subsubsection=\count84
\c@paragraph=\count85
\c@subparagraph=\count86
\c@figure=\count87
\c@table=\count88
\abovecaptionskip=\skip41
\belowcaptionskip=\skip42
\bibindent=\dimen102
) ("C:\Program Files\MiKTeX 2.9\tex\latex\lm\lmodern.sty"
Package: lmodern 2009/10/30 v1.6 Latin Modern Fonts
LaTeX Font Info:    Overwriting symbol font `operators' in version `normal'
(Font)                  OT1/cmr/m/n --> OT1/lmr/m/n on input line 22.
LaTeX Font Info:    Overwriting symbol font `letters' in version `normal'
(Font)                  OML/cmm/m/it --> OML/lmm/m/it on input line 23.
LaTeX Font Info:    Overwriting symbol font `symbols' in version `normal'
(Font)                  OMS/cmsy/m/n --> OMS/lmsy/m/n on input line 24.
LaTeX Font Info:    Overwriting symbol font `largesymbols' in version `normal'
(Font)                  OMX/cmex/m/n --> OMX/lmex/m/n on input line 25.
LaTeX Font Info:    Overwriting symbol font `operators' in version `bold'
(Font)                  OT1/cmr/bx/n --> OT1/lmr/bx/n on input line 26.
LaTeX Font Info:    Overwriting symbol font `letters' in version `bold'
(Font)                  OML/cmm/b/it --> OML/lmm/b/it on input line 27.
LaTeX Font Info:    Overwriting symbol font `symbols' in version `bold'
(Font)                  OMS/cmsy/b/n --> OMS/lmsy/b/n on input line 28.
LaTeX Font Info:    Overwriting symbol font `largesymbols' in version `bold'
(Font)                  OMX/cmex/m/n --> OMX/lmex/m/n on input line 29.
LaTeX Font Info:    Overwriting math alphabet `\mathbf' in version `normal'
(Font)                  OT1/cmr/bx/n --> OT1/lmr/bx/n on input line 31.
LaTeX Font Info:    Overwriting math alphabet `\mathsf' in version `normal'
(Font)                  OT1/cmss/m/n --> OT1/lmss/m/n on input line 32.
LaTeX Font Info:    Overwriting math alphabet `\mathit' in version `normal'
(Font)                  OT1/cmr/m/it --> OT1/lmr/m/it on input line 33.
LaTeX Font Info:    Overwriting math alphabet `\mathtt' in version `normal'
(Font)                  OT1/cmtt/m/n --> OT1/lmtt/m/n on input line 34.
LaTeX Font Info:    Overwriting math alphabet `\mathbf' in version `bold'
(Font)                  OT1/cmr/bx/n --> OT1/lmr/bx/n on input line 35.
LaTeX Font Info:    Overwriting math alphabet `\mathsf' in version `bold'
(Font)                  OT1/cmss/bx/n --> OT1/lmss/bx/n on input line 36.
LaTeX Font Info:    Overwriting math alphabet `\mathit' in version `bold'
(Font)                  OT1/cmr/bx/it --> OT1/lmr/bx/it on input line 37.
LaTeX Font Info:    Overwriting math alphabet `\mathtt' in version `bold'
(Font)                  OT1/cmtt/m/n --> OT1/lmtt/m/n on input line 38.
) ("C:\Program Files\MiKTeX 2.9\tex\latex\amsfonts\amssymb.sty"
Package: amssymb 2013/01/14 v3.01 AMS font symbols
("C:\Program Files\MiKTeX 2.9\tex\latex\amsfonts\amsfonts.sty"
Package: amsfonts 2013/01/14 v3.01 Basic AMSFonts support
\@emptytoks=\toks14
\symAMSa=\mathgroup4
\symAMSb=\mathgroup5
LaTeX Font Info:    Overwriting math alphabet `\mathfrak' in version `bold'
(Font)                  U/euf/m/n --> U/euf/b/n on input line 106.
)) ("C:\Program Files\MiKTeX 2.9\tex\latex\amsmath\amsmath.sty"
Package: amsmath 2017/09/02 v2.17a AMS math features
\@mathmargin=\skip43
For additional information on amsmath, use the `?' option.
("C:\Program Files\MiKTeX 2.9\tex\latex\amsmath\amstext.sty"
Package: amstext 2000/06/29 v2.01 AMS text
("C:\Program Files\MiKTeX 2.9\tex\latex\amsmath\amsgen.sty"
File: amsgen.sty 1999/11/30 v2.0 generic functions
\@emptytoks=\toks15
\ex@=\dimen103
)) ("C:\Program Files\MiKTeX 2.9\tex\latex\amsmath\amsbsy.sty"
Package: amsbsy 1999/11/29 v1.2d Bold Symbols
\pmbraise@=\dimen104
) ("C:\Program Files\MiKTeX 2.9\tex\latex\amsmath\amsopn.sty"
Package: amsopn 2016/03/08 v2.02 operator names
)
\inf@bad=\count89
LaTeX Info: Redefining \frac on input line 213.
\uproot@=\count90
\leftroot@=\count91
LaTeX Info: Redefining \overline on input line 375.
\classnum@=\count92
\DOTSCASE@=\count93
LaTeX Info: Redefining \ldots on input line 472.
LaTeX Info: Redefining \dots on input line 475.
LaTeX Info: Redefining \cdots on input line 596.
\Mathstrutbox@=\box26
\strutbox@=\box27
\big@size=\dimen105
LaTeX Font Info:    Redeclaring font encoding OML on input line 712.
LaTeX Font Info:    Redeclaring font encoding OMS on input line 713.
\macc@depth=\count94
\c@MaxMatrixCols=\count95
\dotsspace@=\muskip10
\c@parentequation=\count96
\dspbrk@lvl=\count97
\tag@help=\toks16
\row@=\count98
\column@=\count99
\maxfields@=\count100
\andhelp@=\toks17
\eqnshift@=\dimen106
\alignsep@=\dimen107
\tagshift@=\dimen108
\tagwidth@=\dimen109
\totwidth@=\dimen110
\lineht@=\dimen111
\@envbody=\toks18
\multlinegap=\skip44
\multlinetaggap=\skip45
\mathdisplay@stack=\toks19
LaTeX Info: Redefining \[ on input line 2817.
LaTeX Info: Redefining \] on input line 2818.
) ("C:\Program Files\MiKTeX 2.9\tex\generic\ifxetex\ifxetex.sty"
Package: ifxetex 2010/09/12 v0.6 Provides ifxetex conditional
) ("C:\Program Files\MiKTeX 2.9\tex\generic\oberdiek\ifluatex.sty"
Package: ifluatex 2016/05/16 v1.4 Provides the ifluatex switch (HO)
Package ifluatex Info: LuaTeX not detected.
) ("C:\Program Files\MiKTeX 2.9\tex\latex\base\fixltx2e.sty"
Package: fixltx2e 2016/12/29 v2.1a fixes to LaTeX (obsolete)
Applying: [2015/01/01] Old fixltx2e package on input line 46.

Package fixltx2e Warning: fixltx2e is not required with releases after 2015
(fixltx2e)                All fixes are now in the LaTeX kernel.
(fixltx2e)                See the latexrelease package for details.

Already applied: [0000/00/00] Old fixltx2e package on input line 53.
) ("C:\Program Files\MiKTeX 2.9\tex\latex\base\fontenc.sty"
Package: fontenc 2017/04/05 v2.0i Standard LaTeX package
("C:\Program Files\MiKTeX 2.9\tex\latex\base\t1enc.def"
File: t1enc.def 2017/04/05 v2.0i Standard LaTeX file
LaTeX Font Info:    Redeclaring font encoding T1 on input line 48.
)) ("C:\Program Files\MiKTeX 2.9\tex\latex\base\inputenc.sty"
Package: inputenc 2018/04/06 v1.3b Input encoding file
\inpenc@prehook=\toks20
\inpenc@posthook=\toks21
) (C:\Users\guilh\AppData\Roaming\MiKTeX\2.9\tex\latex\upquote\upquote.sty
Package: upquote 2012/04/19 v1.3 upright-quote and grave-accent glyphs in verba
tim
("C:\Program Files\MiKTeX 2.9\tex\latex\base\textcomp.sty"
Package: textcomp 2017/04/05 v2.0i Standard LaTeX package
Package textcomp Info: Sub-encoding information:
(textcomp)               5 = only ISO-Adobe without \textcurrency
(textcomp)               4 = 5 + \texteuro
(textcomp)               3 = 4 + \textohm
(textcomp)               2 = 3 + \textestimated + \textcurrency
(textcomp)               1 = TS1 - \textcircled - \t
(textcomp)               0 = TS1 (full)
(textcomp)             Font families with sub-encoding setting implement
(textcomp)             only a restricted character set as indicated.
(textcomp)             Family '?' is the default used for unknown fonts.
(textcomp)             See the documentation for details.
Package textcomp Info: Setting ? sub-encoding to TS1/1 on input line 79.
("C:\Program Files\MiKTeX 2.9\tex\latex\base\ts1enc.def"
File: ts1enc.def 2001/06/05 v3.0e (jk/car/fm) Standard LaTeX file
Now handling font encoding TS1 ...
... processing UTF-8 mapping file for font encoding TS1
("C:\Program Files\MiKTeX 2.9\tex\latex\base\ts1enc.dfu"
File: ts1enc.dfu 2018/04/05 v1.2c UTF-8 support for inputenc
   defining Unicode char U+00A2 (decimal 162)
   defining Unicode char U+00A3 (decimal 163)
   defining Unicode char U+00A4 (decimal 164)
   defining Unicode char U+00A5 (decimal 165)
   defining Unicode char U+00A6 (decimal 166)
   defining Unicode char U+00A7 (decimal 167)
   defining Unicode char U+00A8 (decimal 168)
   defining Unicode char U+00A9 (decimal 169)
   defining Unicode char U+00AA (decimal 170)
   defining Unicode char U+00AC (decimal 172)
   defining Unicode char U+00AE (decimal 174)
   defining Unicode char U+00AF (decimal 175)
   defining Unicode char U+00B0 (decimal 176)
   defining Unicode char U+00B1 (decimal 177)
   defining Unicode char U+00B2 (decimal 178)
   defining Unicode char U+00B3 (decimal 179)
   defining Unicode char U+00B4 (decimal 180)
   defining Unicode char U+00B5 (decimal 181)
   defining Unicode char U+00B6 (decimal 182)
   defining Unicode char U+00B7 (decimal 183)
   defining Unicode char U+00B9 (decimal 185)
   defining Unicode char U+00BA (decimal 186)
   defining Unicode char U+00BC (decimal 188)
   defining Unicode char U+00BD (decimal 189)
   defining Unicode char U+00BE (decimal 190)
   defining Unicode char U+00D7 (decimal 215)
   defining Unicode char U+00F7 (decimal 247)
   defining Unicode char U+0192 (decimal 402)
   defining Unicode char U+02C7 (decimal 711)
   defining Unicode char U+02D8 (decimal 728)
   defining Unicode char U+02DD (decimal 733)
   defining Unicode char U+0E3F (decimal 3647)
   defining Unicode char U+2016 (decimal 8214)
   defining Unicode char U+2020 (decimal 8224)
   defining Unicode char U+2021 (decimal 8225)
   defining Unicode char U+2022 (decimal 8226)
   defining Unicode char U+2030 (decimal 8240)
   defining Unicode char U+2031 (decimal 8241)
   defining Unicode char U+203B (decimal 8251)
   defining Unicode char U+203D (decimal 8253)
   defining Unicode char U+2044 (decimal 8260)
   defining Unicode char U+204E (decimal 8270)
   defining Unicode char U+2052 (decimal 8274)
   defining Unicode char U+20A1 (decimal 8353)
   defining Unicode char U+20A4 (decimal 8356)
   defining Unicode char U+20A6 (decimal 8358)
   defining Unicode char U+20A9 (decimal 8361)
   defining Unicode char U+20AB (decimal 8363)
   defining Unicode char U+20AC (decimal 8364)
   defining Unicode char U+20B1 (decimal 8369)
   defining Unicode char U+2103 (decimal 8451)
   defining Unicode char U+2116 (decimal 8470)
   defining Unicode char U+2117 (decimal 8471)
   defining Unicode char U+211E (decimal 8478)
   defining Unicode char U+2120 (decimal 8480)
   defining Unicode char U+2122 (decimal 8482)
   defining Unicode char U+2126 (decimal 8486)
   defining Unicode char U+2127 (decimal 8487)
   defining Unicode char U+212E (decimal 8494)
   defining Unicode char U+2190 (decimal 8592)
   defining Unicode char U+2191 (decimal 8593)
   defining Unicode char U+2192 (decimal 8594)
   defining Unicode char U+2193 (decimal 8595)
   defining Unicode char U+2329 (decimal 9001)
   defining Unicode char U+232A (decimal 9002)
   defining Unicode char U+2422 (decimal 9250)
   defining Unicode char U+25E6 (decimal 9702)
   defining Unicode char U+25EF (decimal 9711)
   defining Unicode char U+266A (decimal 9834)
   defining Unicode char U+FEFF (decimal 65279)
))
LaTeX Info: Redefining \oldstylenums on input line 334.
Package textcomp Info: Setting cmr sub-encoding to TS1/0 on input line 349.
Package textcomp Info: Setting cmss sub-encoding to TS1/0 on input line 350.
Package textcomp Info: Setting cmtt sub-encoding to TS1/0 on input line 351.
Package textcomp Info: Setting cmvtt sub-encoding to TS1/0 on input line 352.
Package textcomp Info: Setting cmbr sub-encoding to TS1/0 on input line 353.
Package textcomp Info: Setting cmtl sub-encoding to TS1/0 on input line 354.
Package textcomp Info: Setting ccr sub-encoding to TS1/0 on input line 355.
Package textcomp Info: Setting ptm sub-encoding to TS1/4 on input line 356.
Package textcomp Info: Setting pcr sub-encoding to TS1/4 on input line 357.
Package textcomp Info: Setting phv sub-encoding to TS1/4 on input line 358.
Package textcomp Info: Setting ppl sub-encoding to TS1/3 on input line 359.
Package textcomp Info: Setting pag sub-encoding to TS1/4 on input line 360.
Package textcomp Info: Setting pbk sub-encoding to TS1/4 on input line 361.
Package textcomp Info: Setting pnc sub-encoding to TS1/4 on input line 362.
Package textcomp Info: Setting pzc sub-encoding to TS1/4 on input line 363.
Package textcomp Info: Setting bch sub-encoding to TS1/4 on input line 364.
Package textcomp Info: Setting put sub-encoding to TS1/5 on input line 365.
Package textcomp Info: Setting uag sub-encoding to TS1/5 on input line 366.
Package textcomp Info: Setting ugq sub-encoding to TS1/5 on input line 367.
Package textcomp Info: Setting ul8 sub-encoding to TS1/4 on input line 368.
Package textcomp Info: Setting ul9 sub-encoding to TS1/4 on input line 369.
Package textcomp Info: Setting augie sub-encoding to TS1/5 on input line 370.
Package textcomp Info: Setting dayrom sub-encoding to TS1/3 on input line 371.
Package textcomp Info: Setting dayroms sub-encoding to TS1/3 on input line 372.

Package textcomp Info: Setting pxr sub-encoding to TS1/0 on input line 373.
Package textcomp Info: Setting pxss sub-encoding to TS1/0 on input line 374.
Package textcomp Info: Setting pxtt sub-encoding to TS1/0 on input line 375.
Package textcomp Info: Setting txr sub-encoding to TS1/0 on input line 376.
Package textcomp Info: Setting txss sub-encoding to TS1/0 on input line 377.
Package textcomp Info: Setting txtt sub-encoding to TS1/0 on input line 378.
Package textcomp Info: Setting lmr sub-encoding to TS1/0 on input line 379.
Package textcomp Info: Setting lmdh sub-encoding to TS1/0 on input line 380.
Package textcomp Info: Setting lmss sub-encoding to TS1/0 on input line 381.
Package textcomp Info: Setting lmssq sub-encoding to TS1/0 on input line 382.
Package textcomp Info: Setting lmvtt sub-encoding to TS1/0 on input line 383.
Package textcomp Info: Setting lmtt sub-encoding to TS1/0 on input line 384.
Package textcomp Info: Setting qhv sub-encoding to TS1/0 on input line 385.
Package textcomp Info: Setting qag sub-encoding to TS1/0 on input line 386.
Package textcomp Info: Setting qbk sub-encoding to TS1/0 on input line 387.
Package textcomp Info: Setting qcr sub-encoding to TS1/0 on input line 388.
Package textcomp Info: Setting qcs sub-encoding to TS1/0 on input line 389.
Package textcomp Info: Setting qpl sub-encoding to TS1/0 on input line 390.
Package textcomp Info: Setting qtm sub-encoding to TS1/0 on input line 391.
Package textcomp Info: Setting qzc sub-encoding to TS1/0 on input line 392.
Package textcomp Info: Setting qhvc sub-encoding to TS1/0 on input line 393.
Package textcomp Info: Setting futs sub-encoding to TS1/4 on input line 394.
Package textcomp Info: Setting futx sub-encoding to TS1/4 on input line 395.
Package textcomp Info: Setting futj sub-encoding to TS1/4 on input line 396.
Package textcomp Info: Setting hlh sub-encoding to TS1/3 on input line 397.
Package textcomp Info: Setting hls sub-encoding to TS1/3 on input line 398.
Package textcomp Info: Setting hlst sub-encoding to TS1/3 on input line 399.
Package textcomp Info: Setting hlct sub-encoding to TS1/5 on input line 400.
Package textcomp Info: Setting hlx sub-encoding to TS1/5 on input line 401.
Package textcomp Info: Setting hlce sub-encoding to TS1/5 on input line 402.
Package textcomp Info: Setting hlcn sub-encoding to TS1/5 on input line 403.
Package textcomp Info: Setting hlcw sub-encoding to TS1/5 on input line 404.
Package textcomp Info: Setting hlcf sub-encoding to TS1/5 on input line 405.
Package textcomp Info: Setting pplx sub-encoding to TS1/3 on input line 406.
Package textcomp Info: Setting pplj sub-encoding to TS1/3 on input line 407.
Package textcomp Info: Setting ptmx sub-encoding to TS1/4 on input line 408.
Package textcomp Info: Setting ptmj sub-encoding to TS1/4 on input line 409.
)) ("C:\Program Files\MiKTeX 2.9\tex\latex\microtype\microtype.sty"
Package: microtype 2018/01/14 v2.7a Micro-typographical refinements (RS)
("C:\Program Files\MiKTeX 2.9\tex\latex\graphics\keyval.sty"
Package: keyval 2014/10/28 v1.15 key=value parser (DPC)
\KV@toks@=\toks22
)
\MT@toks=\toks23
\MT@count=\count101
LaTeX Info: Redefining \textls on input line 793.
\MT@outer@kern=\dimen112
LaTeX Info: Redefining \textmicrotypecontext on input line 1339.
\MT@listname@count=\count102
("C:\Program Files\MiKTeX 2.9\tex\latex\microtype\microtype-pdftex.def"
File: microtype-pdftex.def 2018/01/14 v2.7a Definitions specific to pdftex (RS)

LaTeX Info: Redefining \lsstyle on input line 913.
LaTeX Info: Redefining \lslig on input line 913.
\MT@outer@space=\skip46
)
Package microtype Info: Loading configuration file microtype.cfg.
("C:\Program Files\MiKTeX 2.9\tex\latex\microtype\microtype.cfg"
File: microtype.cfg 2018/01/14 v2.7a microtype main configuration file (RS)
)) ("C:\Program Files\MiKTeX 2.9\tex\latex\geometry\geometry.sty"
Package: geometry 2018/04/16 v5.8 Page Geometry
("C:\Program Files\MiKTeX 2.9\tex\generic\oberdiek\ifpdf.sty"
Package: ifpdf 2017/03/15 v3.2 Provides the ifpdf switch
) ("C:\Program Files\MiKTeX 2.9\tex\generic\oberdiek\ifvtex.sty"
Package: ifvtex 2016/05/16 v1.6 Detect VTeX and its facilities (HO)
Package ifvtex Info: VTeX not detected.
)
\Gm@cnth=\count103
\Gm@cntv=\count104
\c@Gm@tempcnt=\count105
\Gm@bindingoffset=\dimen113
\Gm@wd@mp=\dimen114
\Gm@odd@mp=\dimen115
\Gm@even@mp=\dimen116
\Gm@layoutwidth=\dimen117
\Gm@layoutheight=\dimen118
\Gm@layouthoffset=\dimen119
\Gm@layoutvoffset=\dimen120
\Gm@dimlist=\toks24
("C:\Program Files\MiKTeX 2.9\tex\latex\geometry\geometry.cfg")) ("C:\Program F
iles\MiKTeX 2.9\tex\latex\hyperref\hyperref.sty"
Package: hyperref 2018/02/06 v6.86b Hypertext links for LaTeX
("C:\Program Files\MiKTeX 2.9\tex\generic\oberdiek\hobsub-hyperref.sty"
Package: hobsub-hyperref 2016/05/16 v1.14 Bundle oberdiek, subset hyperref (HO)

("C:\Program Files\MiKTeX 2.9\tex\generic\oberdiek\hobsub-generic.sty"
Package: hobsub-generic 2016/05/16 v1.14 Bundle oberdiek, subset generic (HO)
Package: hobsub 2016/05/16 v1.14 Construct package bundles (HO)
Package: infwarerr 2016/05/16 v1.4 Providing info/warning/error messages (HO)
Package: ltxcmds 2016/05/16 v1.23 LaTeX kernel commands for general use (HO)
Package hobsub Info: Skipping package `ifluatex' (already loaded).
Package hobsub Info: Skipping package `ifvtex' (already loaded).
Package: intcalc 2016/05/16 v1.2 Expandable calculations with integers (HO)
Package hobsub Info: Skipping package `ifpdf' (already loaded).
Package: etexcmds 2016/05/16 v1.6 Avoid name clashes with e-TeX commands (HO)
Package etexcmds Info: Could not find \expanded.
(etexcmds)             That can mean that you are not using pdfTeX 1.50 or
(etexcmds)             that some package has redefined \expanded.
(etexcmds)             In the latter case, load this package earlier.
Package: kvsetkeys 2016/05/16 v1.17 Key value parser (HO)
Package: kvdefinekeys 2016/05/16 v1.4 Define keys (HO)
Package: pdftexcmds 2018/01/30 v0.27 Utility functions of pdfTeX for LuaTeX (HO
)
Package pdftexcmds Info: LuaTeX not detected.
Package pdftexcmds Info: \pdf@primitive is available.
Package pdftexcmds Info: \pdf@ifprimitive is available.
Package pdftexcmds Info: \pdfdraftmode found.
Package: pdfescape 2016/05/16 v1.14 Implements pdfTeX's escape features (HO)
Package: bigintcalc 2016/05/16 v1.4 Expandable calculations on big integers (HO
)
Package: bitset 2016/05/16 v1.2 Handle bit-vector datatype (HO)
Package: uniquecounter 2016/05/16 v1.3 Provide unlimited unique counter (HO)
)
Package hobsub Info: Skipping package `hobsub' (already loaded).
Package: letltxmacro 2016/05/16 v1.5 Let assignment for LaTeX macros (HO)
Package: hopatch 2016/05/16 v1.3 Wrapper for package hooks (HO)
Package: xcolor-patch 2016/05/16 xcolor patch
Package: atveryend 2016/05/16 v1.9 Hooks at the very end of document (HO)
Package atveryend Info: \enddocument detected (standard20110627).
Package: atbegshi 2016/06/09 v1.18 At begin shipout hook (HO)
Package: refcount 2016/05/16 v3.5 Data extraction from label references (HO)
Package: hycolor 2016/05/16 v1.8 Color options for hyperref/bookmark (HO)
) ("C:\Program Files\MiKTeX 2.9\tex\latex\oberdiek\auxhook.sty"
Package: auxhook 2016/05/16 v1.4 Hooks for auxiliary files (HO)
) ("C:\Program Files\MiKTeX 2.9\tex\latex\oberdiek\kvoptions.sty"
Package: kvoptions 2016/05/16 v3.12 Key value format for package options (HO)
)
\@linkdim=\dimen121
\Hy@linkcounter=\count106
\Hy@pagecounter=\count107
("C:\Program Files\MiKTeX 2.9\tex\latex\hyperref\pd1enc.def"
File: pd1enc.def 2018/02/06 v6.86b Hyperref: PDFDocEncoding definition (HO)
Now handling font encoding PD1 ...
... no UTF-8 mapping file for font encoding PD1
)
\Hy@SavedSpaceFactor=\count108
("C:\Program Files\MiKTeX 2.9\tex\latex\00miktex\hyperref.cfg"
File: hyperref.cfg 2002/06/06 v1.2 hyperref configuration of TeXLive
)
Package hyperref Info: Hyper figures OFF on input line 4509.
Package hyperref Info: Link nesting OFF on input line 4514.
Package hyperref Info: Hyper index ON on input line 4517.
Package hyperref Info: Plain pages OFF on input line 4524.
Package hyperref Info: Backreferencing OFF on input line 4529.
Package hyperref Info: Implicit mode ON; LaTeX internals redefined.
Package hyperref Info: Bookmarks ON on input line 4762.
\c@Hy@tempcnt=\count109
(C:\Users\guilh\AppData\Roaming\MiKTeX\2.9\tex\latex\url\url.sty
\Urlmuskip=\muskip11
Package: url 2013/09/16  ver 3.4  Verb mode for urls, etc.
)
LaTeX Info: Redefining \url on input line 5115.
\XeTeXLinkMargin=\dimen122
\Fld@menulength=\count110
\Field@Width=\dimen123
\Fld@charsize=\dimen124
Package hyperref Info: Hyper figures OFF on input line 6369.
Package hyperref Info: Link nesting OFF on input line 6374.
Package hyperref Info: Hyper index ON on input line 6377.
Package hyperref Info: backreferencing OFF on input line 6384.
Package hyperref Info: Link coloring OFF on input line 6389.
Package hyperref Info: Link coloring with OCG OFF on input line 6394.
Package hyperref Info: PDF/A mode OFF on input line 6399.
LaTeX Info: Redefining \ref on input line 6439.
LaTeX Info: Redefining \pageref on input line 6443.
\Hy@abspage=\count111
\c@Item=\count112
\c@Hfootnote=\count113
)
Package hyperref Info: Driver (autodetected): hpdftex.
("C:\Program Files\MiKTeX 2.9\tex\latex\hyperref\hpdftex.def"
File: hpdftex.def 2018/02/06 v6.86b Hyperref driver for pdfTeX
\Fld@listcount=\count114
\c@bookmark@seq@number=\count115
("C:\Program Files\MiKTeX 2.9\tex\latex\oberdiek\rerunfilecheck.sty"
Package: rerunfilecheck 2016/05/16 v1.8 Rerun checks for auxiliary files (HO)
Package uniquecounter Info: New unique counter `rerunfilecheck' on input line 2
82.
)
\Hy@SectionHShift=\skip47
)
Package hyperref Info: Option `unicode' set `true' on input line 28.
("C:\Program Files\MiKTeX 2.9\tex\latex\hyperref\puenc.def"
File: puenc.def 2018/02/06 v6.86b Hyperref: PDF Unicode definition (HO)
Now handling font encoding PU ...
... no UTF-8 mapping file for font encoding PU
)
Package hyperref Info: Option `breaklinks' set `true' on input line 28.
("C:\Program Files\MiKTeX 2.9\tex\latex\graphics\color.sty"
Package: color 2016/07/10 v1.1e Standard LaTeX Color (DPC)
("C:\Program Files\MiKTeX 2.9\tex\latex\graphics-cfg\color.cfg"
File: color.cfg 2016/01/02 v1.6 sample color configuration
)
Package color Info: Driver file: pdftex.def on input line 147.
("C:\Program Files\MiKTeX 2.9\tex\latex\graphics-def\pdftex.def"
File: pdftex.def 2018/01/08 v1.0l Graphics/color driver for pdftex
)) (C:\Users\guilh\AppData\Roaming\MiKTeX\2.9\tex\latex\fancyvrb\fancyvrb.sty
Package: fancyvrb 2008/02/07

Style option: `fancyvrb' v2.7a, with DG/SPQR fixes, and firstline=lastline fix 
<2008/02/07> (tvz)
\FV@CodeLineNo=\count116
\FV@InFile=\read1
\FV@TabBox=\box28
\c@FancyVerbLine=\count117
\FV@StepNumber=\count118
\FV@OutFile=\write3
) (C:\Users\guilh\AppData\Roaming\MiKTeX\2.9\tex\latex\framed\framed.sty
Package: framed 2011/10/22 v 0.96: framed or shaded text with page breaks
\OuterFrameSep=\skip48
\fb@frw=\dimen125
\fb@frh=\dimen126
\FrameRule=\dimen127
\FrameSep=\dimen128
) ("C:\Program Files\MiKTeX 2.9\tex\latex\graphics\graphicx.sty"
Package: graphicx 2017/06/01 v1.1a Enhanced LaTeX Graphics (DPC,SPQR)
("C:\Program Files\MiKTeX 2.9\tex\latex\graphics\graphics.sty"
Package: graphics 2017/06/25 v1.2c Standard LaTeX Graphics (DPC,SPQR)
("C:\Program Files\MiKTeX 2.9\tex\latex\graphics\trig.sty"
Package: trig 2016/01/03 v1.10 sin cos tan (DPC)
) ("C:\Program Files\MiKTeX 2.9\tex\latex\graphics-cfg\graphics.cfg"
File: graphics.cfg 2016/06/04 v1.11 sample graphics configuration
)
Package graphics Info: Driver file: pdftex.def on input line 99.
)
\Gin@req@height=\dimen129
\Gin@req@width=\dimen130
) ("C:\Program Files\MiKTeX 2.9\tex\latex\oberdiek\grffile.sty"
Package: grffile 2017/06/30 v1.18 Extended file name support for graphics (HO)
Package grffile Info: Option `multidot' is set to `true'.
Package grffile Info: Option `extendedchars' is set to `false'.
Package grffile Info: Option `space' is set to `true'.
Package grffile Info: \Gin@ii of package `graphicx' fixed on input line 494.
) ("C:\Program Files\MiKTeX 2.9\tex\latex\parskip\parskip.sty"
Package: parskip 2018-08-24 v2.0a non-zero parskip adjustments
(C:\Users\guilh\AppData\Roaming\MiKTeX\2.9\tex\latex\etoolbox\etoolbox.sty
Package: etoolbox 2018/02/11 v2.5e e-TeX tools for LaTeX (JAW)
\etb@tempcnta=\count119
)) ("C:\Program Files\MiKTeX 2.9\tex\latex\titling\titling.sty"
Package: titling 2009/09/04 v2.1d maketitle typesetting
\thanksmarkwidth=\skip49
\thanksmargin=\skip50
\droptitle=\skip51
) (C:\Users\guilh\AppData\Roaming\MiKTeX\2.9\tex\latex\titlesec\titlesec.sty
Package: titlesec 2016/03/21 v2.10.2 Sectioning titles
\ttl@box=\box29
\beforetitleunit=\skip52
\aftertitleunit=\skip53
\ttl@plus=\dimen131
\ttl@minus=\dimen132
\ttl@toksa=\toks25
\titlewidth=\dimen133
\titlewidthlast=\dimen134
\titlewidthfirst=\dimen135
) (C:\Users\guilh\AppData\Roaming\MiKTeX\2.9\tex\latex\pdfpages\pdfpages.sty
Package: pdfpages 2017/10/31 v0.5l Insert pages of external PDF documents (AM)
("C:\Program Files\MiKTeX 2.9\tex\latex\base\ifthen.sty"
Package: ifthen 2014/09/29 v1.1c Standard LaTeX ifthen package (DPC)
) ("C:\Program Files\MiKTeX 2.9\tex\latex\tools\calc.sty"
Package: calc 2017/05/25 v4.3 Infix arithmetic (KKT,FJ)
\calc@Acount=\count120
\calc@Bcount=\count121
\calc@Adimen=\dimen136
\calc@Bdimen=\dimen137
\calc@Askip=\skip54
\calc@Bskip=\skip55
LaTeX Info: Redefining \setlength on input line 80.
LaTeX Info: Redefining \addtolength on input line 81.
\calc@Ccount=\count122
\calc@Cskip=\skip56
) (C:\Users\guilh\AppData\Roaming\MiKTeX\2.9\tex\latex\eso-pic\eso-pic.sty
Package: eso-pic 2015/07/21 v2.0g eso-pic (RN)
)
\AM@pagewidth=\dimen138
\AM@pageheight=\dimen139
(C:\Users\guilh\AppData\Roaming\MiKTeX\2.9\tex\latex\pdfpages\pppdftex.def
File: pppdftex.def 2017/10/31 v0.5l Pdfpages driver for pdfTeX (AM)
)
\AM@pagebox=\box30
\AM@global@opts=\toks26
\AM@toc@title=\toks27
\c@AM@survey=\count123
\AM@templatesizebox=\box31
) ("C:\Program Files\MiKTeX 2.9\tex\latex\spverbatim\spverbatim.sty"
Package: spverbatim 2009/08/10 v1.0 Verbatim with breakable spaces
) ("C:\Program Files\MiKTeX 2.9\tex\latex\fvextra\fvextra.sty"
Package: fvextra 2019/02/04 v1.4 fvextra - extensions and patches for fancyvrb
("C:\Program Files\MiKTeX 2.9\tex\latex\lineno\lineno.sty"
Package: lineno 2005/11/02 line numbers on paragraphs v4.41
\linenopenalty=\count124
\output=\toks28
\linenoprevgraf=\count125
\linenumbersep=\dimen140
\linenumberwidth=\dimen141
\c@linenumber=\count126
\c@pagewiselinenumber=\count127
\c@LN@truepage=\count128
\c@internallinenumber=\count129
\c@internallinenumbers=\count130
\quotelinenumbersep=\dimen142
\bframerule=\dimen143
\bframesep=\dimen144
\bframebox=\box32
LaTeX Info: Redefining \\ on input line 3056.
)
\c@FV@TrueTabGroupLevel=\count131
\c@FV@TrueTabCounter=\count132
\FV@TabBox@Group=\box33
\FV@TmpLength=\skip57
\c@FV@HighlightLinesStart=\count133
\c@FV@HighlightLinesStop=\count134
\FV@LoopCount=\count135
\FV@NCharsBox=\box34
\FV@BreakIndent=\dimen145
\FV@BreakIndentNChars=\count136
\FV@BreakSymbolSepLeft=\dimen146
\FV@BreakSymbolSepLeftNChars=\count137
\FV@BreakSymbolSepRight=\dimen147
\FV@BreakSymbolSepRightNChars=\count138
\FV@BreakSymbolIndentLeft=\dimen148
\FV@BreakSymbolIndentLeftNChars=\count139
\FV@BreakSymbolIndentRight=\dimen149
\FV@BreakSymbolIndentRightNChars=\count140
\c@FancyVerbLineBreakLast=\count141
\FV@LineBox=\box35
\FV@LineIndentBox=\box36
\FV@LineWidth=\dimen150
) (C:\Users\guilh\AppData\Roaming\MiKTeX\2.9\tex\latex\caption\caption.sty
Package: caption 2016/02/21 v3.3-144 Customizing captions (AR)
(C:\Users\guilh\AppData\Roaming\MiKTeX\2.9\tex\latex\caption\caption3.sty
Package: caption3 2016/05/22 v1.7-166 caption3 kernel (AR)
Package caption3 Info: TeX engine: e-TeX on input line 67.
\captionmargin=\dimen151
\captionmargin@=\dimen152
\captionwidth=\dimen153
\caption@tempdima=\dimen154
\caption@indent=\dimen155
\caption@parindent=\dimen156
\caption@hangindent=\dimen157
)
\c@ContinuedFloat=\count142
Package caption Info: hyperref package is loaded.
) (C:\Users\guilh\AppData\Roaming\MiKTeX\2.9\tex\latex\subfig\subfig.sty
Package: subfig 2005/06/28 ver: 1.3 subfig package
\c@KVtest=\count143
\sf@farskip=\skip58
\sf@captopadj=\dimen158
\sf@capskip=\skip59
\sf@nearskip=\skip60
\c@subfigure=\count144
\c@subfigure@save=\count145
\c@lofdepth=\count146
\c@subtable=\count147
\c@subtable@save=\count148
\c@lotdepth=\count149
\sf@top=\skip61
\sf@bottom=\skip62
) ("C:\Program Files\MiKTeX 2.9\tex\latex\oberdiek\epstopdf.sty"
Package: epstopdf 2016/05/15 v2.6 Conversion with epstopdf on the fly (HO)
("C:\Program Files\MiKTeX 2.9\tex\latex\oberdiek\epstopdf-base.sty"
Package: epstopdf-base 2016/05/15 v2.6 Base part for package epstopdf
("C:\Program Files\MiKTeX 2.9\tex\latex\oberdiek\grfext.sty"
Package: grfext 2016/05/16 v1.2 Manage graphics extensions (HO)
)
Package epstopdf-base Info: Redefining graphics rule for `.eps' on input line 4
38.
Package grfext Info: Graphics extension search list:
(grfext)             [.pdf,.png,.jpg,.mps,.jpeg,.jbig2,.jb2,.PDF,.PNG,.JPG,.JPE
G,.JBIG2,.JB2,.eps]
(grfext)             \AppendGraphicsExtensions on input line 456.
)) (C:\Users\guilh\AppData\Roaming\MiKTeX\2.9\tex\latex\enumitem\enumitem.sty
Package: enumitem 2011/09/28 v3.5.2 Customized lists
\labelindent=\skip63
\enit@outerparindent=\dimen159
\enit@toks=\toks29
\enit@inbox=\box37
\enitdp@description=\count150
) ("C:\Program Files\MiKTeX 2.9\tex\latex\background\background.sty"
Package: background 2014/03/04 v2.1 background material
("C:\Program Files\MiKTeX 2.9\tex\latex\xkeyval\xkeyval.sty"
Package: xkeyval 2014/12/03 v2.7a package option processing (HA)
("C:\Program Files\MiKTeX 2.9\tex\generic\xkeyval\xkeyval.tex" ("C:\Program Fil
es\MiKTeX 2.9\tex\generic\xkeyval\xkvutils.tex"
\XKV@toks=\toks30
\XKV@tempa@toks=\toks31
)
\XKV@depth=\count151
File: xkeyval.tex 2014/12/03 v2.7a key=value parser (HA)
))
(C:\Users\guilh\AppData\Roaming\MiKTeX\2.9\tex\latex\pgf\frontendlayer\tikz.sty
(C:\Users\guilh\AppData\Roaming\MiKTeX\2.9\tex\latex\pgf\basiclayer\pgf.sty (C:
\Users\guilh\AppData\Roaming\MiKTeX\2.9\tex\latex\pgf\utilities\pgfrcs.sty
(C:\Users\guilh\AppData\Roaming\MiKTeX\2.9\tex\generic\pgf\utilities\pgfutil-co
mmon.tex
\pgfutil@everybye=\toks32
\pgfutil@tempdima=\dimen160
\pgfutil@tempdimb=\dimen161

(C:\Users\guilh\AppData\Roaming\MiKTeX\2.9\tex\generic\pgf\utilities\pgfutil-co
mmon-lists.tex))
(C:\Users\guilh\AppData\Roaming\MiKTeX\2.9\tex\generic\pgf\utilities\pgfutil-la
tex.def
\pgfutil@abb=\box38
(C:\Users\guilh\AppData\Roaming\MiKTeX\2.9\tex\latex\ms\everyshi.sty
Package: everyshi 2001/05/15 v3.00 EveryShipout Package (MS)
))
(C:\Users\guilh\AppData\Roaming\MiKTeX\2.9\tex\generic\pgf\utilities\pgfrcs.cod
e.tex
Package: pgfrcs 2015/08/07 v3.0.1a (rcs-revision 1.31)
))
Package: pgf 2015/08/07 v3.0.1a (rcs-revision 1.15)

(C:\Users\guilh\AppData\Roaming\MiKTeX\2.9\tex\latex\pgf\basiclayer\pgfcore.sty

(C:\Users\guilh\AppData\Roaming\MiKTeX\2.9\tex\latex\pgf\systemlayer\pgfsys.sty

(C:\Users\guilh\AppData\Roaming\MiKTeX\2.9\tex\generic\pgf\systemlayer\pgfsys.c
ode.tex
Package: pgfsys 2014/07/09 v3.0.1a (rcs-revision 1.48)

(C:\Users\guilh\AppData\Roaming\MiKTeX\2.9\tex\generic\pgf\utilities\pgfkeys.co
de.tex
\pgfkeys@pathtoks=\toks33
\pgfkeys@temptoks=\toks34

(C:\Users\guilh\AppData\Roaming\MiKTeX\2.9\tex\generic\pgf\utilities\pgfkeysfil
tered.code.tex
\pgfkeys@tmptoks=\toks35
))
\pgf@x=\dimen162
\pgf@y=\dimen163
\pgf@xa=\dimen164
\pgf@ya=\dimen165
\pgf@xb=\dimen166
\pgf@yb=\dimen167
\pgf@xc=\dimen168
\pgf@yc=\dimen169
\w@pgf@writea=\write4
\r@pgf@reada=\read2
\c@pgf@counta=\count152
\c@pgf@countb=\count153
\c@pgf@countc=\count154
\c@pgf@countd=\count155
\t@pgf@toka=\toks36
\t@pgf@tokb=\toks37
\t@pgf@tokc=\toks38
(C:\Users\guilh\AppData\Roaming\MiKTeX\2.9\tex\generic\pgf\systemlayer\pgf.cfg
File: pgf.cfg 2008/05/14  (rcs-revision 1.7)
)
Driver file for pgf: pgfsys-pdftex.def

(C:\Users\guilh\AppData\Roaming\MiKTeX\2.9\tex\generic\pgf\systemlayer\pgfsys-p
dftex.def
File: pgfsys-pdftex.def 2014/10/11  (rcs-revision 1.35)

(C:\Users\guilh\AppData\Roaming\MiKTeX\2.9\tex\generic\pgf\systemlayer\pgfsys-c
ommon-pdf.def
File: pgfsys-common-pdf.def 2013/10/10  (rcs-revision 1.13)
)))
(C:\Users\guilh\AppData\Roaming\MiKTeX\2.9\tex\generic\pgf\systemlayer\pgfsysso
ftpath.code.tex
File: pgfsyssoftpath.code.tex 2013/09/09  (rcs-revision 1.9)
\pgfsyssoftpath@smallbuffer@items=\count156
\pgfsyssoftpath@bigbuffer@items=\count157
)
(C:\Users\guilh\AppData\Roaming\MiKTeX\2.9\tex\generic\pgf\systemlayer\pgfsyspr
otocol.code.tex
File: pgfsysprotocol.code.tex 2006/10/16  (rcs-revision 1.4)
)) (C:\Users\guilh\AppData\Roaming\MiKTeX\2.9\tex\latex\xcolor\xcolor.sty
Package: xcolor 2016/05/11 v2.12 LaTeX color extensions (UK)
("C:\Program Files\MiKTeX 2.9\tex\latex\graphics-cfg\color.cfg"
File: color.cfg 2016/01/02 v1.6 sample color configuration
)
Package xcolor Info: Driver file: pdftex.def on input line 225.
LaTeX Info: Redefining \color on input line 709.
Package xcolor Info: Model `cmy' substituted by `cmy0' on input line 1348.
Package xcolor Info: Model `hsb' substituted by `rgb' on input line 1352.
Package xcolor Info: Model `RGB' extended on input line 1364.
Package xcolor Info: Model `HTML' substituted by `rgb' on input line 1366.
Package xcolor Info: Model `Hsb' substituted by `hsb' on input line 1367.
Package xcolor Info: Model `tHsb' substituted by `hsb' on input line 1368.
Package xcolor Info: Model `HSB' substituted by `hsb' on input line 1369.
Package xcolor Info: Model `Gray' substituted by `gray' on input line 1370.
Package xcolor Info: Model `wave' substituted by `hsb' on input line 1371.
)
(C:\Users\guilh\AppData\Roaming\MiKTeX\2.9\tex\generic\pgf\basiclayer\pgfcore.c
ode.tex
Package: pgfcore 2010/04/11 v3.0.1a (rcs-revision 1.7)

(C:\Users\guilh\AppData\Roaming\MiKTeX\2.9\tex\generic\pgf\math\pgfmath.code.te
x
(C:\Users\guilh\AppData\Roaming\MiKTeX\2.9\tex\generic\pgf\math\pgfmathcalc.cod
e.tex
(C:\Users\guilh\AppData\Roaming\MiKTeX\2.9\tex\generic\pgf\math\pgfmathutil.cod
e.tex)
(C:\Users\guilh\AppData\Roaming\MiKTeX\2.9\tex\generic\pgf\math\pgfmathparser.c
ode.tex
\pgfmath@dimen=\dimen170
\pgfmath@count=\count158
\pgfmath@box=\box39
\pgfmath@toks=\toks39
\pgfmath@stack@operand=\toks40
\pgfmath@stack@operation=\toks41
)
(C:\Users\guilh\AppData\Roaming\MiKTeX\2.9\tex\generic\pgf\math\pgfmathfunction
s.code.tex
(C:\Users\guilh\AppData\Roaming\MiKTeX\2.9\tex\generic\pgf\math\pgfmathfunction
s.basic.code.tex)
(C:\Users\guilh\AppData\Roaming\MiKTeX\2.9\tex\generic\pgf\math\pgfmathfunction
s.trigonometric.code.tex)
(C:\Users\guilh\AppData\Roaming\MiKTeX\2.9\tex\generic\pgf\math\pgfmathfunction
s.random.code.tex)
(C:\Users\guilh\AppData\Roaming\MiKTeX\2.9\tex\generic\pgf\math\pgfmathfunction
s.comparison.code.tex)
(C:\Users\guilh\AppData\Roaming\MiKTeX\2.9\tex\generic\pgf\math\pgfmathfunction
s.base.code.tex)
(C:\Users\guilh\AppData\Roaming\MiKTeX\2.9\tex\generic\pgf\math\pgfmathfunction
s.round.code.tex)
(C:\Users\guilh\AppData\Roaming\MiKTeX\2.9\tex\generic\pgf\math\pgfmathfunction
s.misc.code.tex)
(C:\Users\guilh\AppData\Roaming\MiKTeX\2.9\tex\generic\pgf\math\pgfmathfunction
s.integerarithmetics.code.tex)))
(C:\Users\guilh\AppData\Roaming\MiKTeX\2.9\tex\generic\pgf\math\pgfmathfloat.co
de.tex
\c@pgfmathroundto@lastzeros=\count159
))
(C:\Users\guilh\AppData\Roaming\MiKTeX\2.9\tex\generic\pgf\basiclayer\pgfcorepo
ints.code.tex
File: pgfcorepoints.code.tex 2013/10/07  (rcs-revision 1.27)
\pgf@picminx=\dimen171
\pgf@picmaxx=\dimen172
\pgf@picminy=\dimen173
\pgf@picmaxy=\dimen174
\pgf@pathminx=\dimen175
\pgf@pathmaxx=\dimen176
\pgf@pathminy=\dimen177
\pgf@pathmaxy=\dimen178
\pgf@xx=\dimen179
\pgf@xy=\dimen180
\pgf@yx=\dimen181
\pgf@yy=\dimen182
\pgf@zx=\dimen183
\pgf@zy=\dimen184
)
(C:\Users\guilh\AppData\Roaming\MiKTeX\2.9\tex\generic\pgf\basiclayer\pgfcorepa
thconstruct.code.tex
File: pgfcorepathconstruct.code.tex 2013/10/07  (rcs-revision 1.29)
\pgf@path@lastx=\dimen185
\pgf@path@lasty=\dimen186
)
(C:\Users\guilh\AppData\Roaming\MiKTeX\2.9\tex\generic\pgf\basiclayer\pgfcorepa
thusage.code.tex
File: pgfcorepathusage.code.tex 2014/11/02  (rcs-revision 1.24)
\pgf@shorten@end@additional=\dimen187
\pgf@shorten@start@additional=\dimen188
)
(C:\Users\guilh\AppData\Roaming\MiKTeX\2.9\tex\generic\pgf\basiclayer\pgfcoresc
opes.code.tex
File: pgfcorescopes.code.tex 2015/05/08  (rcs-revision 1.46)
\pgfpic=\box40
\pgf@hbox=\box41
\pgf@layerbox@main=\box42
\pgf@picture@serial@count=\count160
)
(C:\Users\guilh\AppData\Roaming\MiKTeX\2.9\tex\generic\pgf\basiclayer\pgfcoregr
aphicstate.code.tex
File: pgfcoregraphicstate.code.tex 2014/11/02  (rcs-revision 1.12)
\pgflinewidth=\dimen189
)
(C:\Users\guilh\AppData\Roaming\MiKTeX\2.9\tex\generic\pgf\basiclayer\pgfcoretr
ansformations.code.tex
File: pgfcoretransformations.code.tex 2015/08/07  (rcs-revision 1.20)
\pgf@pt@x=\dimen190
\pgf@pt@y=\dimen191
\pgf@pt@temp=\dimen192
)
(C:\Users\guilh\AppData\Roaming\MiKTeX\2.9\tex\generic\pgf\basiclayer\pgfcorequ
ick.code.tex
File: pgfcorequick.code.tex 2008/10/09  (rcs-revision 1.3)
)
(C:\Users\guilh\AppData\Roaming\MiKTeX\2.9\tex\generic\pgf\basiclayer\pgfcoreob
jects.code.tex
File: pgfcoreobjects.code.tex 2006/10/11  (rcs-revision 1.2)
)
(C:\Users\guilh\AppData\Roaming\MiKTeX\2.9\tex\generic\pgf\basiclayer\pgfcorepa
thprocessing.code.tex
File: pgfcorepathprocessing.code.tex 2013/09/09  (rcs-revision 1.9)
)
(C:\Users\guilh\AppData\Roaming\MiKTeX\2.9\tex\generic\pgf\basiclayer\pgfcorear
rows.code.tex
File: pgfcorearrows.code.tex 2015/05/14  (rcs-revision 1.43)
\pgfarrowsep=\dimen193
)
(C:\Users\guilh\AppData\Roaming\MiKTeX\2.9\tex\generic\pgf\basiclayer\pgfcoresh
ade.code.tex
File: pgfcoreshade.code.tex 2013/07/15  (rcs-revision 1.15)
\pgf@max=\dimen194
\pgf@sys@shading@range@num=\count161
)
(C:\Users\guilh\AppData\Roaming\MiKTeX\2.9\tex\generic\pgf\basiclayer\pgfcoreim
age.code.tex
File: pgfcoreimage.code.tex 2013/07/15  (rcs-revision 1.18)

(C:\Users\guilh\AppData\Roaming\MiKTeX\2.9\tex\generic\pgf\basiclayer\pgfcoreex
ternal.code.tex
File: pgfcoreexternal.code.tex 2014/07/09  (rcs-revision 1.21)
\pgfexternal@startupbox=\box43
))
(C:\Users\guilh\AppData\Roaming\MiKTeX\2.9\tex\generic\pgf\basiclayer\pgfcorela
yers.code.tex
File: pgfcorelayers.code.tex 2013/07/18  (rcs-revision 1.7)
)
(C:\Users\guilh\AppData\Roaming\MiKTeX\2.9\tex\generic\pgf\basiclayer\pgfcoretr
ansparency.code.tex
File: pgfcoretransparency.code.tex 2013/09/30  (rcs-revision 1.5)
)
(C:\Users\guilh\AppData\Roaming\MiKTeX\2.9\tex\generic\pgf\basiclayer\pgfcorepa
tterns.code.tex
File: pgfcorepatterns.code.tex 2013/11/07  (rcs-revision 1.5)
)))
(C:\Users\guilh\AppData\Roaming\MiKTeX\2.9\tex\generic\pgf\modules\pgfmodulesha
pes.code.tex
File: pgfmoduleshapes.code.tex 2014/03/21  (rcs-revision 1.35)
\pgfnodeparttextbox=\box44
)
(C:\Users\guilh\AppData\Roaming\MiKTeX\2.9\tex\generic\pgf\modules\pgfmoduleplo
t.code.tex
File: pgfmoduleplot.code.tex 2015/08/03  (rcs-revision 1.13)
)
(C:\Users\guilh\AppData\Roaming\MiKTeX\2.9\tex\latex\pgf\compatibility\pgfcomp-
version-0-65.sty
Package: pgfcomp-version-0-65 2007/07/03 v3.0.1a (rcs-revision 1.7)
\pgf@nodesepstart=\dimen195
\pgf@nodesepend=\dimen196
)
(C:\Users\guilh\AppData\Roaming\MiKTeX\2.9\tex\latex\pgf\compatibility\pgfcomp-
version-1-18.sty
Package: pgfcomp-version-1-18 2007/07/23 v3.0.1a (rcs-revision 1.1)
)) (C:\Users\guilh\AppData\Roaming\MiKTeX\2.9\tex\latex\pgf\utilities\pgffor.st
y (C:\Users\guilh\AppData\Roaming\MiKTeX\2.9\tex\latex\pgf\utilities\pgfkeys.st
y
(C:\Users\guilh\AppData\Roaming\MiKTeX\2.9\tex\generic\pgf\utilities\pgfkeys.co
de.tex)) (C:\Users\guilh\AppData\Roaming\MiKTeX\2.9\tex\latex\pgf\math\pgfmath.
sty
(C:\Users\guilh\AppData\Roaming\MiKTeX\2.9\tex\generic\pgf\math\pgfmath.code.te
x))
(C:\Users\guilh\AppData\Roaming\MiKTeX\2.9\tex\generic\pgf\utilities\pgffor.cod
e.tex
Package: pgffor 2013/12/13 v3.0.1a (rcs-revision 1.25)

(C:\Users\guilh\AppData\Roaming\MiKTeX\2.9\tex\generic\pgf\math\pgfmath.code.te
x)
\pgffor@iter=\dimen197
\pgffor@skip=\dimen198
\pgffor@stack=\toks42
\pgffor@toks=\toks43
))
(C:\Users\guilh\AppData\Roaming\MiKTeX\2.9\tex\generic\pgf\frontendlayer\tikz\t
ikz.code.tex
Package: tikz 2015/08/07 v3.0.1a (rcs-revision 1.151)

(C:\Users\guilh\AppData\Roaming\MiKTeX\2.9\tex\generic\pgf\libraries\pgflibrary
plothandlers.code.tex
File: pgflibraryplothandlers.code.tex 2013/08/31 v3.0.1a (rcs-revision 1.20)
\pgf@plot@mark@count=\count162
\pgfplotmarksize=\dimen199
)
\tikz@lastx=\dimen256
\tikz@lasty=\dimen257
\tikz@lastxsaved=\dimen258
\tikz@lastysaved=\dimen259
\tikzleveldistance=\dimen260
\tikzsiblingdistance=\dimen261
\tikz@figbox=\box45
\tikz@figbox@bg=\box46
\tikz@tempbox=\box47
\tikz@tempbox@bg=\box48
\tikztreelevel=\count163
\tikznumberofchildren=\count164
\tikznumberofcurrentchild=\count165
\tikz@fig@count=\count166

(C:\Users\guilh\AppData\Roaming\MiKTeX\2.9\tex\generic\pgf\modules\pgfmodulemat
rix.code.tex
File: pgfmodulematrix.code.tex 2013/09/17  (rcs-revision 1.8)
\pgfmatrixcurrentrow=\count167
\pgfmatrixcurrentcolumn=\count168
\pgf@matrix@numberofcolumns=\count169
)
\tikz@expandcount=\count170

(C:\Users\guilh\AppData\Roaming\MiKTeX\2.9\tex\generic\pgf\frontendlayer\tikz\l
ibraries\tikzlibrarytopaths.code.tex
File: tikzlibrarytopaths.code.tex 2008/06/17 v3.0.1a (rcs-revision 1.2)
))) ("C:\Program Files\MiKTeX 2.9\tex\latex\everypage\everypage.sty"
Package: everypage 2007/06/20 1.1 Hooks to run on every page
) ("C:\Program Files\MiKTeX 2.9\tex\latex\tools\afterpage.sty"
Package: afterpage 2014/10/28 v1.08 After-Page Package (DPC)
\AP@output=\toks44
\AP@partial=\box49
\AP@footins=\box50
)) (C:\Users\guilh\AppData\Roaming\MiKTeX\2.9\tex\latex\setspace\setspace.sty
Package: setspace 2011/12/19 v6.7a set line spacing
) ("C:\Program Files\MiKTeX 2.9\tex\latex\float\float.sty"
Package: float 2001/11/08 v1.3d Float enhancements (AL)
\c@float@type=\count171
\float@exts=\toks45
\float@box=\box51
\@float@everytoks=\toks46
\@floatcapt=\box52
) ("C:\Program Files\MiKTeX 2.9\tex\generic\babel\babel.sty"
Package: babel 2018/05/02 3.20 The Babel package
("C:\Program Files\MiKTeX 2.9\tex\generic\babel\switch.def"
File: switch.def 2018/05/02 3.20 Babel switching mechanism
)
*************************************
* Local config file bblopts.cfg used
*
(C:\Users\guilh\AppData\Roaming\MiKTeX\2.9\tex\latex\arabi\bblopts.cfg
File: bblopts.cfg 2005/09/08 v0.1 add Arabic and Farsi to "declared" options of
 babel
)
(C:\Users\guilh\AppData\Roaming\MiKTeX\2.9\tex\latex\babel-portuges\portuges.ld
f
Language: portuges 2008/03/18 v1.2q Portuguese support from the babel system
("C:\Program Files\MiKTeX 2.9\tex\generic\babel\babel.def"
File: babel.def 2018/05/02 3.20 Babel common definitions
\babel@savecnt=\count172
\U@D=\dimen262
("C:\Program Files\MiKTeX 2.9\tex\generic\babel\txtbabel.def")
\bbl@dirlevel=\count173
)
\l@brazil = a dialect from \language\l@portuges 
Package babel Info: Making " an active character on input line 145.
)) (C:\Users\guilh\AppData\Roaming\MiKTeX\2.9\tex\latex\booktabs\booktabs.sty
Package: booktabs 2005/04/14 v1.61803 publication quality tables
\heavyrulewidth=\dimen263
\lightrulewidth=\dimen264
\cmidrulewidth=\dimen265
\belowrulesep=\dimen266
\belowbottomsep=\dimen267
\aboverulesep=\dimen268
\abovetopsep=\dimen269
\cmidrulesep=\dimen270
\cmidrulekern=\dimen271
\defaultaddspace=\dimen272
\@cmidla=\count174
\@cmidlb=\count175
\@aboverulesep=\dimen273
\@belowrulesep=\dimen274
\@thisruleclass=\count176
\@lastruleclass=\count177
\@thisrulewidth=\dimen275
) ("C:\Program Files\MiKTeX 2.9\tex\latex\tools\longtable.sty"
Package: longtable 2014/10/28 v4.11 Multi-page Table package (DPC)
\LTleft=\skip64
\LTright=\skip65
\LTpre=\skip66
\LTpost=\skip67
\LTchunksize=\count178
\LTcapwidth=\dimen276
\LT@head=\box53
\LT@firsthead=\box54
\LT@foot=\box55
\LT@lastfoot=\box56
\LT@cols=\count179
\LT@rows=\count180
\c@LT@tables=\count181
\c@LT@chunks=\count182
\LT@p@ftn=\toks47
) ("C:\Program Files\MiKTeX 2.9\tex\latex\tools\array.sty"
Package: array 2018/04/30 v2.4h Tabular extension package (FMi)
\col@sep=\dimen277
\ar@mcellbox=\box57
\extrarowheight=\dimen278
\NC@list=\toks48
\extratabsurround=\skip68
\backup@length=\skip69
\ar@cellbox=\box58
) ("C:\Program Files\MiKTeX 2.9\tex\latex\multirow\multirow.sty"
Package: multirow 2016/11/25 v2.2 Span multiple rows of a table
\multirow@colwidth=\skip70
\multirow@cntb=\count183
\multirow@dima=\skip71
\bigstrutjot=\dimen279
) ("C:\Program Files\MiKTeX 2.9\tex\latex\wrapfig\wrapfig.sty"
\wrapoverhang=\dimen280
\WF@size=\dimen281
\c@WF@wrappedlines=\count184
\WF@box=\box59
\WF@everypar=\toks49
Package: wrapfig 2003/01/31  v 3.6
) (C:\Users\guilh\AppData\Roaming\MiKTeX\2.9\tex\latex\colortbl\colortbl.sty
Package: colortbl 2012/02/13 v1.0a Color table columns (DPC)
\everycr=\toks50
\minrowclearance=\skip72
) ("C:\Program Files\MiKTeX 2.9\tex\latex\oberdiek\pdflscape.sty"
Package: pdflscape 2016/05/14 v0.11 Display of landscape pages in PDF (HO)
("C:\Program Files\MiKTeX 2.9\tex\latex\graphics\lscape.sty"
Package: lscape 2000/10/22 v3.01 Landscape Pages (DPC)
)
Package pdflscape Info: Auto-detected driver: pdftex on input line 81.
) ("C:\Program Files\MiKTeX 2.9\tex\latex\tabu\tabu.sty"
Package: tabu 2019/01/11 v2.9 - flexible LaTeX tabulars (FC+tabu-fixed)
("C:\Program Files\MiKTeX 2.9\tex\latex\varwidth\varwidth.sty"
Package: varwidth 2009/03/30 ver 0.92;  Variable-width minipages
\@vwid@box=\box60
\sift@deathcycles=\count185
\@vwid@loff=\dimen282
\@vwid@roff=\dimen283
)
\c@taburow=\count186
\tabu@nbcols=\count187
\tabu@cnt=\count188
\tabu@Xcol=\count189
\tabu@alloc=\count190
\tabu@nested=\count191
\tabu@target=\dimen284
\tabu@spreadtarget=\dimen285
\tabu@naturalX=\dimen286
\tabucolX=\dimen287
\tabu@Xsum=\dimen288
\extrarowdepth=\dimen289
\abovetabulinesep=\dimen290
\belowtabulinesep=\dimen291
\tabustrutrule=\dimen292
\tabu@thebody=\toks51
\tabu@footnotes=\toks52
\tabu@box=\box61
\tabu@arstrutbox=\box62
\tabu@hleads=\box63
\tabu@vleads=\box64
\tabu@cellskip=\skip73
) ("C:\Program Files\MiKTeX 2.9\tex\latex\threeparttable\threeparttable.sty"
Package: threeparttable 2003/06/13  v 3.0
\@tempboxb=\box65
) ("C:\Program Files\MiKTeX 2.9\tex\latex\threeparttablex\threeparttablex.sty"
Package: threeparttablex 2013/07/23 v0.3 by daleif
("C:\Program Files\MiKTeX 2.9\tex\latex\environ\environ.sty"
Package: environ 2014/05/04 v0.3 A new way to define environments
("C:\Program Files\MiKTeX 2.9\tex\latex\trimspaces\trimspaces.sty"
Package: trimspaces 2009/09/17 v1.1 Trim spaces around a token list
))
\TPTL@width=\skip74
) (C:\Users\guilh\AppData\Roaming\MiKTeX\2.9\tex\latex\ulem\ulem.sty
\UL@box=\box66
\UL@hyphenbox=\box67
\UL@skip=\skip75
\UL@hook=\toks53
\UL@height=\dimen293
\UL@pe=\count192
\UL@pixel=\dimen294
\ULC@box=\box68
Package: ulem 2012/05/18
\ULdepth=\dimen295
) ("C:\Program Files\MiKTeX 2.9\tex\latex\makecell\makecell.sty"
Package: makecell 2009/08/03 V0.1e Managing of Tab Column Heads and Cells
\rotheadsize=\dimen296
\c@nlinenum=\count193
\TeXr@lab=\toks54
) (Relatorio.aux

LaTeX Warning: Label `fig:notas_cursos' multiply defined.


LaTeX Warning: Label `tab:unnamed-chunk-31' multiply defined.


LaTeX Warning: Label `tab:unnamed-chunk-31' multiply defined.

)
\openout1 = `Relatorio.aux'.

LaTeX Font Info:    Checking defaults for OML/cmm/m/it on input line 158.
LaTeX Font Info:    ... okay on input line 158.
LaTeX Font Info:    Checking defaults for T1/cmr/m/n on input line 158.
LaTeX Font Info:    ... okay on input line 158.
LaTeX Font Info:    Checking defaults for OT1/cmr/m/n on input line 158.
LaTeX Font Info:    ... okay on input line 158.
LaTeX Font Info:    Checking defaults for OMS/cmsy/m/n on input line 158.
LaTeX Font Info:    ... okay on input line 158.
LaTeX Font Info:    Checking defaults for OMX/cmex/m/n on input line 158.
LaTeX Font Info:    ... okay on input line 158.
LaTeX Font Info:    Checking defaults for U/cmr/m/n on input line 158.
LaTeX Font Info:    ... okay on input line 158.
LaTeX Font Info:    Checking defaults for TS1/cmr/m/n on input line 158.
LaTeX Font Info:    Try loading font information for TS1+cmr on input line 158.

("C:\Program Files\MiKTeX 2.9\tex\latex\base\ts1cmr.fd"
File: ts1cmr.fd 2014/09/29 v2.5h Standard LaTeX font definitions
)
LaTeX Font Info:    ... okay on input line 158.
LaTeX Font Info:    Checking defaults for PD1/pdf/m/n on input line 158.
LaTeX Font Info:    ... okay on input line 158.
LaTeX Font Info:    Checking defaults for PU/pdf/m/n on input line 158.
LaTeX Font Info:    ... okay on input line 158.
LaTeX Font Info:    Try loading font information for T1+lmr on input line 158.
("C:\Program Files\MiKTeX 2.9\tex\latex\lm\t1lmr.fd"
File: t1lmr.fd 2009/10/30 v1.6 Font defs for Latin Modern
)
LaTeX Info: Redefining \microtypecontext on input line 158.
Package microtype Info: Generating PDF output.
Package microtype Info: Character protrusion enabled (level 2).
Package microtype Info: Using protrusion set `basicmath'.
Package microtype Info: Automatic font expansion enabled (level 2),
(microtype)             stretch: 20, shrink: 20, step: 1, non-selected.
Package microtype Info: Using default expansion set `basictext'.
Package microtype Info: No adjustment of tracking.
Package microtype Info: No adjustment of interword spacing.
Package microtype Info: No adjustment of character kerning.
("C:\Program Files\MiKTeX 2.9\tex\latex\microtype\mt-cmr.cfg"
File: mt-cmr.cfg 2013/05/19 v2.2 microtype config. file: Computer Modern Roman 
(RS)
)
*geometry* driver: auto-detecting
*geometry* detected driver: pdftex
*geometry* verbose mode - [ preamble ] result:
* driver: pdftex
* paper: a4paper
* layout: <same size as paper>
* layoutoffset:(h,v)=(0.0pt,0.0pt)
* modes: 
* h-part:(L,W,R)=(72.26999pt, 452.9679pt, 72.26999pt)
* v-part:(T,H,B)=(72.26999pt, 700.50687pt, 72.26999pt)
* \paperwidth=597.50787pt
* \paperheight=845.04684pt
* \textwidth=452.9679pt
* \textheight=700.50687pt
* \oddsidemargin=0.0pt
* \evensidemargin=0.0pt
* \topmargin=-37.0pt
* \headheight=12.0pt
* \headsep=25.0pt
* \topskip=10.0pt
* \footskip=30.0pt
* \marginparwidth=57.0pt
* \marginparsep=11.0pt
* \columnsep=10.0pt
* \skip\footins=9.0pt plus 4.0pt minus 2.0pt
* \hoffset=0.0pt
* \voffset=0.0pt
* \mag=1000
* \@twocolumnfalse
* \@twosidefalse
* \@mparswitchfalse
* \@reversemarginfalse
* (1in=72.27pt=25.4mm, 1cm=28.453pt)

\AtBeginShipoutBox=\box69
Package hyperref Info: Link coloring OFF on input line 158.
("C:\Program Files\MiKTeX 2.9\tex\latex\hyperref\nameref.sty"
Package: nameref 2016/05/21 v2.44 Cross-referencing by name of section
("C:\Program Files\MiKTeX 2.9\tex\generic\oberdiek\gettitlestring.sty"
Package: gettitlestring 2016/05/16 v1.5 Cleanup title references (HO)
)
\c@section@level=\count194
)
LaTeX Info: Redefining \ref on input line 158.
LaTeX Info: Redefining \pageref on input line 158.
LaTeX Info: Redefining \nameref on input line 158.
(Relatorio.out) (Relatorio.out)
\@outlinefile=\write5
\openout5 = `Relatorio.out'.

(C:\Users\guilh\AppData\Roaming\MiKTeX\2.9\tex\context\base\supp-pdf.mkii
[Loading MPS to PDF converter (version 2006.09.02).]
\scratchcounter=\count195
\scratchdimen=\dimen297
\scratchbox=\box70
\nofMPsegments=\count196
\nofMParguments=\count197
\everyMPshowfont=\toks55
\MPscratchCnt=\count198
\MPscratchDim=\dimen298
\MPnumerator=\count199
\makeMPintoPDFobject=\count266
\everyMPtoPDFconversion=\toks56
)
Package caption Info: Begin \AtBeginDocument code.
Package caption Info: subfig package v1.3 is loaded.
Package caption Info: float package is loaded.
Package caption Info: longtable package is loaded.
(C:\Users\guilh\AppData\Roaming\MiKTeX\2.9\tex\latex\caption\ltcaption.sty
Package: ltcaption 2013/06/09 v1.4-94 longtable captions (AR)
)
Package caption Info: threeparttable package is loaded.
Package caption Info: wrapfig package is loaded.
Package caption Info: End \AtBeginDocument code.
ABD: EveryShipout initializing macros
<CapaRelatorio.pdf, id=170, 597.23125pt x 845.1575pt>
File: CapaRelatorio.pdf Graphic file (type pdf)
<use CapaRelatorio.pdf>
Package pdftex.def Info: CapaRelatorio.pdf  used on input line 162.
(pdftex.def)             Requested size: 452.97093pt x 641.01099pt.
File: CapaRelatorio.pdf Graphic file (type pdf)
<use CapaRelatorio.pdf>
Package pdftex.def Info: CapaRelatorio.pdf  used on input line 162.
(pdftex.def)             Requested size: 452.97093pt x 641.01099pt.
<CapaRelatorio.pdf, id=173, page=1, 597.23125pt x 845.1575pt>
File: CapaRelatorio.pdf Graphic file (type pdf)
<use CapaRelatorio.pdf, page 1>
Package pdftex.def Info: CapaRelatorio.pdf , page1 used on input line 162.
(pdftex.def)             Requested size: 597.22978pt x 845.15544pt.
File: CapaRelatorio.pdf Graphic file (type pdf)
<use CapaRelatorio.pdf, page 1>
Package pdftex.def Info: CapaRelatorio.pdf , page1 used on input line 162.
(pdftex.def)             Requested size: 597.33913pt x 845.31018pt.
File: CapaRelatorio.pdf Graphic file (type pdf)
<use CapaRelatorio.pdf, page 1>
Package pdftex.def Info: CapaRelatorio.pdf , page1 used on input line 162.
(pdftex.def)             Requested size: 597.33913pt x 845.31018pt.
File: CapaRelatorio.pdf Graphic file (type pdf)
<use CapaRelatorio.pdf, page 1>
Package pdftex.def Info: CapaRelatorio.pdf , page1 used on input line 162.
(pdftex.def)             Requested size: 597.33913pt x 845.31018pt.
File: CapaRelatorio.pdf Graphic file (type pdf)
<use CapaRelatorio.pdf, page 1>
Package pdftex.def Info: CapaRelatorio.pdf , page1 used on input line 162.
(pdftex.def)             Requested size: 597.33913pt x 845.31018pt.
[1

 <./CapaRelatorio.pdf>]
<CapaRelatorio.pdf, id=207, page=2, 597.23125pt x 845.1575pt>
File: CapaRelatorio.pdf Graphic file (type pdf)
<use CapaRelatorio.pdf, page 2>
Package pdftex.def Info: CapaRelatorio.pdf , page2 used on input line 162.
(pdftex.def)             Requested size: 597.33913pt x 845.31018pt.
File: CapaRelatorio.pdf Graphic file (type pdf)
<use CapaRelatorio.pdf, page 2>
Package pdftex.def Info: CapaRelatorio.pdf , page2 used on input line 162.
(pdftex.def)             Requested size: 597.33913pt x 845.31018pt.
pdfTeX warning (ext4): destination with the same identifier (name{page.}) has b
een already used, duplicate ignored
<to be read again> 
                   \relax 
l.162 ...per=TRUE, pages={1-4}]{CapaRelatorio.pdf}
                                                  
File: CapaRelatorio.pdf Graphic file (type pdf)
<use CapaRelatorio.pdf, page 2>
Package pdftex.def Info: CapaRelatorio.pdf , page2 used on input line 162.
(pdftex.def)             Requested size: 597.33913pt x 845.31018pt.
[2 <./CapaRelatorio.pdf>]
<CapaRelatorio.pdf, id=211, page=3, 597.23125pt x 845.1575pt>
File: CapaRelatorio.pdf Graphic file (type pdf)
<use CapaRelatorio.pdf, page 3>
Package pdftex.def Info: CapaRelatorio.pdf , page3 used on input line 162.
(pdftex.def)             Requested size: 597.33913pt x 845.31018pt.
File: CapaRelatorio.pdf Graphic file (type pdf)
<use CapaRelatorio.pdf, page 3>
Package pdftex.def Info: CapaRelatorio.pdf , page3 used on input line 162.
(pdftex.def)             Requested size: 597.33913pt x 845.31018pt.
pdfTeX warning (ext4): destination with the same identifier (name{page.}) has b
een already used, duplicate ignored
<to be read again> 
                   \relax 
l.162 ...per=TRUE, pages={1-4}]{CapaRelatorio.pdf}
                                                  
File: CapaRelatorio.pdf Graphic file (type pdf)
<use CapaRelatorio.pdf, page 3>
Package pdftex.def Info: CapaRelatorio.pdf , page3 used on input line 162.
(pdftex.def)             Requested size: 597.33913pt x 845.31018pt.
[3 <./CapaRelatorio.pdf>]
<CapaRelatorio.pdf, id=224, page=4, 597.23125pt x 845.1575pt>
File: CapaRelatorio.pdf Graphic file (type pdf)
<use CapaRelatorio.pdf, page 4>
Package pdftex.def Info: CapaRelatorio.pdf , page4 used on input line 162.
(pdftex.def)             Requested size: 597.33913pt x 845.31018pt.
File: CapaRelatorio.pdf Graphic file (type pdf)
<use CapaRelatorio.pdf, page 4>
Package pdftex.def Info: CapaRelatorio.pdf , page4 used on input line 162.
(pdftex.def)             Requested size: 597.33913pt x 845.31018pt.
pdfTeX warning (ext4): destination with the same identifier (name{page.}) has b
een already used, duplicate ignored
<to be read again> 
                   \relax 
l.162 ...per=TRUE, pages={1-4}]{CapaRelatorio.pdf}
                                                  
File: CapaRelatorio.pdf Graphic file (type pdf)
<use CapaRelatorio.pdf, page 4>
Package pdftex.def Info: CapaRelatorio.pdf , page4 used on input line 162.
(pdftex.def)             Requested size: 597.33913pt x 845.31018pt.
[4 <./CapaRelatorio.pdf>] (Relatorio.toc
LaTeX Font Info:    Try loading font information for OT1+lmr on input line 3.
("C:\Program Files\MiKTeX 2.9\tex\latex\lm\ot1lmr.fd"
File: ot1lmr.fd 2009/10/30 v1.6 Font defs for Latin Modern
)
LaTeX Font Info:    Try loading font information for OML+lmm on input line 3.
("C:\Program Files\MiKTeX 2.9\tex\latex\lm\omllmm.fd"
File: omllmm.fd 2009/10/30 v1.6 Font defs for Latin Modern
)
LaTeX Font Info:    Try loading font information for OMS+lmsy on input line 3.
("C:\Program Files\MiKTeX 2.9\tex\latex\lm\omslmsy.fd"
File: omslmsy.fd 2009/10/30 v1.6 Font defs for Latin Modern
)
LaTeX Font Info:    Try loading font information for OMX+lmex on input line 3.
("C:\Program Files\MiKTeX 2.9\tex\latex\lm\omxlmex.fd"
File: omxlmex.fd 2009/10/30 v1.6 Font defs for Latin Modern
)
LaTeX Font Info:    External font `lmex10' loaded for size
(Font)              <10> on input line 3.
LaTeX Font Info:    External font `lmex10' loaded for size
(Font)              <7> on input line 3.
LaTeX Font Info:    External font `lmex10' loaded for size
(Font)              <5> on input line 3.
LaTeX Font Info:    Try loading font information for U+msa on input line 3.
("C:\Program Files\MiKTeX 2.9\tex\latex\amsfonts\umsa.fd"
File: umsa.fd 2013/01/14 v3.01 AMS symbols A
) ("C:\Program Files\MiKTeX 2.9\tex\latex\microtype\mt-msa.cfg"
File: mt-msa.cfg 2006/02/04 v1.1 microtype config. file: AMS symbols (a) (RS)
)
LaTeX Font Info:    Try loading font information for U+msb on input line 3.
("C:\Program Files\MiKTeX 2.9\tex\latex\amsfonts\umsb.fd"
File: umsb.fd 2013/01/14 v3.01 AMS symbols B
) ("C:\Program Files\MiKTeX 2.9\tex\latex\microtype\mt-msb.cfg"
File: mt-msb.cfg 2005/06/01 v1.0 microtype config. file: AMS symbols (b) (RS)
) [1

{C:/Users/guilh/AppData/Local/MiKTeX/2.9/pdftex/config/pdftex.map}])
\tf@toc=\write6
\openout6 = `Relatorio.toc'.

[2]
Cap\'{\i }tulo 1.
<imagens/ChicagoCrime.png, id=281, 703.62875pt x 1027.84pt>
File: imagens/ChicagoCrime.png Graphic file (type png)
<use imagens/ChicagoCrime.png>
Package pdftex.def Info: imagens/ChicagoCrime.png  used on input line 173.
(pdftex.def)             Requested size: 578.50389pt x 845.06133pt.
[3

 <./imagens/ChicagoCrime.png>]
LaTeX Font Info:    Try loading font information for TS1+lmr on input line 180.

("C:\Program Files\MiKTeX 2.9\tex\latex\lm\ts1lmr.fd"
File: ts1lmr.fd 2009/10/30 v1.6 Font defs for Latin Modern
)
LaTeX Font Info:    Try loading font information for T1+lmtt on input line 207.

("C:\Program Files\MiKTeX 2.9\tex\latex\lm\t1lmtt.fd"
File: t1lmtt.fd 2009/10/30 v1.6 Font defs for Latin Modern
) [4] [5] [6] [7] [8]
Cap\'{\i }tulo 2.
File: imagens/ChicagoCrime.png Graphic file (type png)
<use imagens/ChicagoCrime.png>
Package pdftex.def Info: imagens/ChicagoCrime.png  used on input line 424.
(pdftex.def)             Requested size: 578.50389pt x 845.06133pt.
[9

] [10] [11]
<Notas_cursos.png, id=338, 1011.78pt x 505.89pt>
File: Notas_cursos.png Graphic file (type png)
<use Notas_cursos.png>
Package pdftex.def Info: Notas_cursos.png  used on input line 548.
(pdftex.def)             Requested size: 452.96558pt x 226.48277pt.
<Media_provas.png, id=339, 578.16pt x 433.62pt>
File: Media_provas.png Graphic file (type png)
<use Media_provas.png>
Package pdftex.def Info: Media_provas.png  used on input line 577.
(pdftex.def)             Requested size: 227.61641pt x 170.71231pt.
<g_radar_1.png, id=340, 3212.0pt x 2409.0pt>
File: g_radar_1.png Graphic file (type png)
<use g_radar_1.png>
Package pdftex.def Info: g_radar_1.png  used on input line 578.
(pdftex.def)             Requested size: 227.60759pt x 170.70569pt.

Overfull \hbox (2.2561pt too wide) in paragraph at lines 577--579
 [][][][] 
 []

<g_radar_2.png, id=341, 3212.0pt x 2409.0pt>
File: g_radar_2.png Graphic file (type png)
<use g_radar_2.png>
Package pdftex.def Info: g_radar_2.png  used on input line 580.
(pdftex.def)             Requested size: 227.60759pt x 170.70569pt.
<g_radar_3.png, id=342, 3212.0pt x 2409.0pt>
File: g_radar_3.png Graphic file (type png)
<use g_radar_3.png>
Package pdftex.def Info: g_radar_3.png  used on input line 581.
(pdftex.def)             Requested size: 227.60759pt x 170.70569pt.

Overfull \hbox (2.24728pt too wide) in paragraph at lines 580--583
 [][][][] 
 []

LaTeX Font Info:    External font `lmex10' loaded for size
(Font)              <9> on input line 583.
LaTeX Font Info:    External font `lmex10' loaded for size
(Font)              <6> on input line 583.

LaTeX Warning: `!h' float specifier changed to `!ht'.

[12 <./Notas_cursos.png>]
<sankey.png, id=350, 2122.93124pt x 767.86874pt>
File: sankey.png Graphic file (type png)
<use sankey.png>
Package pdftex.def Info: sankey.png  used on input line 608.
(pdftex.def)             Requested size: 393.31921pt x 142.26439pt.
<porp_p4.pdf, id=351, 542.025pt x 542.025pt>
File: porp_p4.pdf Graphic file (type pdf)
<use porp_p4.pdf>
Package pdftex.def Info: porp_p4.pdf  used on input line 610.
(pdftex.def)             Requested size: 213.39865pt x 213.39865pt.
<confusao_subs.pdf, id=352, 542.025pt x 542.025pt>
File: confusao_subs.pdf Graphic file (type pdf)
<use confusao_subs.pdf>
Package pdftex.def Info: confusao_subs.pdf  used on input line 611.
(pdftex.def)             Requested size: 213.39865pt x 213.39865pt.
[13 <./Media_provas.png> <./g_radar_1.png> <./g_radar_2.png> <./g_radar_3.png>]
[14 <./sankey.png> <./porp_p4.pdf> <./confusao_subs.pdf>] [15] [16]
<nota_esperada.pdf, id=413, 542.025pt x 542.025pt>
File: nota_esperada.pdf Graphic file (type pdf)
<use nota_esperada.pdf>
Package pdftex.def Info: nota_esperada.pdf  used on input line 756.
(pdftex.def)             Requested size: 213.39865pt x 213.39865pt.
<confusao_TRI.pdf, id=414, 542.025pt x 542.025pt>
File: confusao_TRI.pdf Graphic file (type pdf)
<use confusao_TRI.pdf>
Package pdftex.def Info: confusao_TRI.pdf  used on input line 757.
(pdftex.def)             Requested size: 213.39865pt x 213.39865pt.
<teste.inf.pdf, id=415, 1084.05pt x 505.89pt>
File: teste.inf.pdf Graphic file (type pdf)
<use teste.inf.pdf>
Package pdftex.def Info: teste.inf.pdf  used on input line 759.
(pdftex.def)             Requested size: 426.79733pt x 199.17207pt.
<correlograma.pdf, id=416, 794.97pt x 433.62pt>
File: correlograma.pdf Graphic file (type pdf)
<use correlograma.pdf>
Package pdftex.def Info: correlograma.pdf  used on input line 766.
(pdftex.def)             Requested size: 469.47705pt x 256.07838pt.

Overfull \hbox (16.50916pt too wide) in paragraph at lines 766--767
 [][] 
 []

<rede.png, id=417, 3011.25pt x 2409.0pt>
File: rede.png Graphic file (type png)
<use rede.png>
Package pdftex.def Info: rede.png  used on input line 768.
(pdftex.def)             Requested size: 426.76425pt x 341.41139pt.
[17] [18 <./nota_esperada.pdf> <./confusao_TRI.pdf> <./teste.inf.pdf>] [19 <./c
orrelograma.pdf> <./rede.png (PNG copy)>]
<Relatorio_files/figure-latex/unnamed-chunk-5-1.pdf, id=475, 505.89pt x 650.43p
t>
File: Relatorio_files/figure-latex/unnamed-chunk-5-1.pdf Graphic file (type pdf
)
<use Relatorio_files/figure-latex/unnamed-chunk-5-1.pdf>
Package pdftex.def Info: Relatorio_files/figure-latex/unnamed-chunk-5-1.pdf  us
ed on input line 817.
(pdftex.def)             Requested size: 452.97328pt x 582.39424pt.
<Relatorio_files/figure-latex/unnamed-chunk-6-1.pdf, id=476, 505.89pt x 650.43p
t>
File: Relatorio_files/figure-latex/unnamed-chunk-6-1.pdf Graphic file (type pdf
)
<use Relatorio_files/figure-latex/unnamed-chunk-6-1.pdf>
Package pdftex.def Info: Relatorio_files/figure-latex/unnamed-chunk-6-1.pdf  us
ed on input line 825.
(pdftex.def)             Requested size: 452.97328pt x 582.39424pt.
<Relatorio_files/figure-latex/unnamed-chunk-7-1.pdf, id=477, 505.89pt x 650.43p
t>
File: Relatorio_files/figure-latex/unnamed-chunk-7-1.pdf Graphic file (type pdf
)
<use Relatorio_files/figure-latex/unnamed-chunk-7-1.pdf>
Package pdftex.def Info: Relatorio_files/figure-latex/unnamed-chunk-7-1.pdf  us
ed on input line 832.
(pdftex.def)             Requested size: 452.97328pt x 582.39424pt.
<Relatorio_files/figure-latex/unnamed-chunk-8-1.pdf, id=478, 505.89pt x 650.43p
t>
File: Relatorio_files/figure-latex/unnamed-chunk-8-1.pdf Graphic file (type pdf
)
<use Relatorio_files/figure-latex/unnamed-chunk-8-1.pdf>
Package pdftex.def Info: Relatorio_files/figure-latex/unnamed-chunk-8-1.pdf  us
ed on input line 839.
(pdftex.def)             Requested size: 452.97328pt x 582.39424pt.
[20] [21 <./Relatorio_files/figure-latex/unnamed-chunk-5-1.pdf>] [22 <./Relator
io_files/figure-latex/unnamed-chunk-6-1.pdf>] [23 <./Relatorio_files/figure-lat
ex/unnamed-chunk-7-1.pdf>] [24 <./Relatorio_files/figure-latex/unnamed-chunk-8-
1.pdf>] [25] [26]
Cap\'{\i }tulo 3.
File: imagens/ChicagoCrime.png Graphic file (type png)
<use imagens/ChicagoCrime.png>
Package pdftex.def Info: imagens/ChicagoCrime.png  used on input line 980.
(pdftex.def)             Requested size: 578.50389pt x 845.06133pt.
[27

] [28]
<imagens/pasta_prova1.png, id=547, 392.667pt x 181.6386pt>
File: imagens/pasta_prova1.png Graphic file (type png)
<use imagens/pasta_prova1.png>
Package pdftex.def Info: imagens/pasta_prova1.png  used on input line 1117.
(pdftex.def)             Requested size: 392.67203pt x 181.6409pt.
<imagens/arquivo_compturmas.png, id=548, 397.485pt x 211.5102pt>
File: imagens/arquivo_compturmas.png Graphic file (type png)
<use imagens/arquivo_compturmas.png>
Package pdftex.def Info: imagens/arquivo_compturmas.png  used on input line 112
3.
(pdftex.def)             Requested size: 397.49614pt x 211.51613pt.
<imagens/pe.png, id=549, 387.849pt x 206.6922pt>
File: imagens/pe.png Graphic file (type png)
<use imagens/pe.png>
Package pdftex.def Info: imagens/pe.png  used on input line 1129.
(pdftex.def)             Requested size: 387.84804pt x 206.69168pt.
<imagens/arquivo_opcaocurso.png, id=550, 386.8854pt x 206.2104pt>
File: imagens/arquivo_opcaocurso.png Graphic file (type png)
<use imagens/arquivo_opcaocurso.png>
Package pdftex.def Info: imagens/arquivo_opcaocurso.png  used on input line 113
5.
(pdftex.def)             Requested size: 386.89035pt x 206.21303pt.
<imagens/pasta_cadastroaluno.png, id=551, 384.9582pt x 178.266pt>
File: imagens/pasta_cadastroaluno.png Graphic file (type png)
<use imagens/pasta_cadastroaluno.png>
Package pdftex.def Info: imagens/pasta_cadastroaluno.png  used on input line 11
41.
(pdftex.def)             Requested size: 384.97487pt x 178.2737pt.
[29 <./imagens/pasta_prova1.png>] [30 <./imagens/arquivo_compturmas.png> <./ima
gens/pe.png>] [31 <./imagens/arquivo_opcaocurso.png> <./imagens/pasta_cadastroa
luno.png>]

Package xcolor Warning: Incompatible color definition on input line 1155.

LaTeX Font Info:    Font shape `T1/lmtt/bx/n' in size <10> not available
(Font)              Font shape `T1/lmtt/b/n' tried instead on input line 1158.

Package xcolor Warning: Incompatible color definition on input line 1168.


Package xcolor Warning: Incompatible color definition on input line 1168.


Package xcolor Warning: Incompatible color definition on input line 1195.


Package xcolor Warning: Incompatible color definition on input line 1200.


Package xcolor Warning: Incompatible color definition on input line 1200.

[32]

Package xcolor Warning: Incompatible color definition on input line 1214.


Package xcolor Warning: Incompatible color definition on input line 1219.


Package xcolor Warning: Incompatible color definition on input line 1219.

<imagens/arquivo_cadastro.png, id=582, 370.986pt x 199.947pt>
File: imagens/arquivo_cadastro.png Graphic file (type png)
<use imagens/arquivo_cadastro.png>
Package pdftex.def Info: imagens/arquivo_cadastro.png  used on input line 1243.

(pdftex.def)             Requested size: 370.99638pt x 199.95259pt.
<imagens/pasta_cadastroaluno2.png, id=583, 366.168pt x 244.7544pt>
File: imagens/pasta_cadastroaluno2.png Graphic file (type png)
<use imagens/pasta_cadastroaluno2.png>
Package pdftex.def Info: imagens/pasta_cadastroaluno2.png  used on input line 1
259.
(pdftex.def)             Requested size: 366.17268pt x 244.7575pt.

Package xcolor Warning: Incompatible color definition on input line 1268.

[33 <./imagens/arquivo_cadastro.png>]

Package xcolor Warning: Incompatible color definition on input line 1280.


Package xcolor Warning: Incompatible color definition on input line 1280.

[34 <./imagens/pasta_cadastroaluno2.png>]

Package xcolor Warning: Incompatible color definition on input line 1299.


Package xcolor Warning: Incompatible color definition on input line 1309.


Package xcolor Warning: Incompatible color definition on input line 1309.


Package xcolor Warning: Incompatible color definition on input line 1311.


Package xcolor Warning: Incompatible color definition on input line 1323.


Package xcolor Warning: Incompatible color definition on input line 1323.


Package xcolor Warning: Incompatible color definition on input line 1329.


Package xcolor Warning: Incompatible color definition on input line 1334.


Package xcolor Warning: Incompatible color definition on input line 1334.

<imagens/arquivo_dificuldades.png, id=597, 373.395pt x 210.0648pt>
File: imagens/arquivo_dificuldades.png Graphic file (type png)
<use imagens/arquivo_dificuldades.png>
Package pdftex.def Info: imagens/arquivo_dificuldades.png  used on input line 1
345.
(pdftex.def)             Requested size: 373.39409pt x 210.06429pt.
[35]

Package xcolor Warning: Incompatible color definition on input line 1368.


Package xcolor Warning: Incompatible color definition on input line 1378.


Package xcolor Warning: Incompatible color definition on input line 1378.

[36 <./imagens/arquivo_dificuldades.png>]
<imagens/pasta_prova1b.png, id=608, 374.8404pt x 246.1998pt>
File: imagens/pasta_prova1b.png Graphic file (type png)
<use imagens/pasta_prova1b.png>
Package pdftex.def Info: imagens/pasta_prova1b.png  used on input line 1399.
(pdftex.def)             Requested size: 374.85663pt x 246.21045pt.
<imagens/pasta_turma.png, id=609, 374.3586pt x 246.6816pt>
File: imagens/pasta_turma.png Graphic file (type png)
<use imagens/pasta_turma.png>
Package pdftex.def Info: imagens/pasta_turma.png  used on input line 1411.
(pdftex.def)             Requested size: 374.3691pt x 246.6885pt.

Package xcolor Warning: Incompatible color definition on input line 1420.


Package xcolor Warning: Incompatible color definition on input line 1425.


Package xcolor Warning: Incompatible color definition on input line 1425.

[37 <./imagens/pasta_prova1b.png>]

Package xcolor Warning: Incompatible color definition on input line 1463.


Package xcolor Warning: Incompatible color definition on input line 1481.


Package xcolor Warning: Incompatible color definition on input line 1481.


Package xcolor Warning: Incompatible color definition on input line 1481.

[38 <./imagens/pasta_turma.png>]

Package xcolor Warning: Incompatible color definition on input line 1481.


Package xcolor Warning: Incompatible color definition on input line 1481.

[39]

Package xcolor Warning: Incompatible color definition on input line 1559.


Package xcolor Warning: Incompatible color definition on input line 1566.


Package xcolor Warning: Incompatible color definition on input line 1566.


Package xcolor Warning: Incompatible color definition on input line 1573.


Package xcolor Warning: Incompatible color definition on input line 1582.


Package xcolor Warning: Incompatible color definition on input line 1582.

[40]

Package xcolor Warning: Incompatible color definition on input line 1613.


Package xcolor Warning: Incompatible color definition on input line 1628.


Package xcolor Warning: Incompatible color definition on input line 1628.

[41]

Package xcolor Warning: Incompatible color definition on input line 1665.


Package xcolor Warning: Incompatible color definition on input line 1675.


Package xcolor Warning: Incompatible color definition on input line 1675.

[42]

Package xcolor Warning: Incompatible color definition on input line 1716.


Package xcolor Warning: Incompatible color definition on input line 1727.


Package xcolor Warning: Incompatible color definition on input line 1727.


Package xcolor Warning: Incompatible color definition on input line 1742.


Package xcolor Warning: Incompatible color definition on input line 1747.


Package xcolor Warning: Incompatible color definition on input line 1747.


Package xcolor Warning: Incompatible color definition on input line 1760.

[43]

Package xcolor Warning: Incompatible color definition on input line 1764.


Package xcolor Warning: Incompatible color definition on input line 1764.


Package xcolor Warning: Incompatible color definition on input line 1778.


Package xcolor Warning: Incompatible color definition on input line 1783.


Package xcolor Warning: Incompatible color definition on input line 1783.

[44]

Package xcolor Warning: Incompatible color definition on input line 1852.


Package xcolor Warning: Incompatible color definition on input line 1858.


Package xcolor Warning: Incompatible color definition on input line 1858.


Package xcolor Warning: Incompatible color definition on input line 1862.


Package xcolor Warning: Incompatible color definition on input line 1868.


Package xcolor Warning: Incompatible color definition on input line 1868.

[45]
Ap\^endice A.
File: imagens/ChicagoCrime.png Graphic file (type png)
<use imagens/ChicagoCrime.png>
Package pdftex.def Info: imagens/ChicagoCrime.png  used on input line 1880.
(pdftex.def)             Requested size: 578.50389pt x 845.06133pt.
[46

]
<imagens/Prova_1_AA_08.pdf, id=658, 597.50829pt x 845.0471pt>
File: imagens/Prova_1_AA_08.pdf Graphic file (type pdf)
<use imagens/Prova_1_AA_08.pdf>
Package pdftex.def Info: imagens/Prova_1_AA_08.pdf  used on input line 1883.
(pdftex.def)             Requested size: 452.97136pt x 640.63068pt.
File: imagens/Prova_1_AA_08.pdf Graphic file (type pdf)
<use imagens/Prova_1_AA_08.pdf>
Package pdftex.def Info: imagens/Prova_1_AA_08.pdf  used on input line 1883.
(pdftex.def)             Requested size: 452.97136pt x 640.63068pt.
<imagens/Prova_1_AA_08.pdf, id=661, page=1, 597.50829pt x 845.0471pt>
File: imagens/Prova_1_AA_08.pdf Graphic file (type pdf)
<use imagens/Prova_1_AA_08.pdf, page 1>
Package pdftex.def Info: imagens/Prova_1_AA_08.pdf , page1 used on input line 1
883.
(pdftex.def)             Requested size: 597.50682pt x 845.04504pt.
File: imagens/Prova_1_AA_08.pdf Graphic file (type pdf)
<use imagens/Prova_1_AA_08.pdf, page 1>
Package pdftex.def Info: imagens/Prova_1_AA_08.pdf , page1 used on input line 1
883.
(pdftex.def)             Requested size: 597.53416pt x 845.08372pt.
File: imagens/Prova_1_AA_08.pdf Graphic file (type pdf)
<use imagens/Prova_1_AA_08.pdf, page 1>
Package pdftex.def Info: imagens/Prova_1_AA_08.pdf , page1 used on input line 1
883.
(pdftex.def)             Requested size: 597.53416pt x 845.08372pt.
File: imagens/Prova_1_AA_08.pdf Graphic file (type pdf)
<use imagens/Prova_1_AA_08.pdf, page 1>
Package pdftex.def Info: imagens/Prova_1_AA_08.pdf , page1 used on input line 1
883.
(pdftex.def)             Requested size: 597.53416pt x 845.08372pt.
File: imagens/Prova_1_AA_08.pdf Graphic file (type pdf)
<use imagens/Prova_1_AA_08.pdf, page 1>
Package pdftex.def Info: imagens/Prova_1_AA_08.pdf , page1 used on input line 1
883.
(pdftex.def)             Requested size: 597.53416pt x 845.08372pt.
[47 <./imagens/Prova_1_AA_08.pdf>]
<imagens/Prova_1_AA_08.pdf, id=682, page=2, 597.50829pt x 845.0471pt>
File: imagens/Prova_1_AA_08.pdf Graphic file (type pdf)
<use imagens/Prova_1_AA_08.pdf, page 2>
Package pdftex.def Info: imagens/Prova_1_AA_08.pdf , page2 used on input line 1
883.
(pdftex.def)             Requested size: 597.53416pt x 845.08372pt.
File: imagens/Prova_1_AA_08.pdf Graphic file (type pdf)
<use imagens/Prova_1_AA_08.pdf, page 2>
Package pdftex.def Info: imagens/Prova_1_AA_08.pdf , page2 used on input line 1
883.
(pdftex.def)             Requested size: 597.53416pt x 845.08372pt.
File: imagens/Prova_1_AA_08.pdf Graphic file (type pdf)
<use imagens/Prova_1_AA_08.pdf, page 2>
Package pdftex.def Info: imagens/Prova_1_AA_08.pdf , page2 used on input line 1
883.
(pdftex.def)             Requested size: 597.53416pt x 845.08372pt.
[48 <./imagens/Prova_1_AA_08.pdf>]
<imagens/Prova_1_AA_08.pdf, id=692, page=3, 597.50829pt x 845.0471pt>
File: imagens/Prova_1_AA_08.pdf Graphic file (type pdf)
<use imagens/Prova_1_AA_08.pdf, page 3>
Package pdftex.def Info: imagens/Prova_1_AA_08.pdf , page3 used on input line 1
883.
(pdftex.def)             Requested size: 597.53416pt x 845.08372pt.
File: imagens/Prova_1_AA_08.pdf Graphic file (type pdf)
<use imagens/Prova_1_AA_08.pdf, page 3>
Package pdftex.def Info: imagens/Prova_1_AA_08.pdf , page3 used on input line 1
883.
(pdftex.def)             Requested size: 597.53416pt x 845.08372pt.
File: imagens/Prova_1_AA_08.pdf Graphic file (type pdf)
<use imagens/Prova_1_AA_08.pdf, page 3>
Package pdftex.def Info: imagens/Prova_1_AA_08.pdf , page3 used on input line 1
883.
(pdftex.def)             Requested size: 597.53416pt x 845.08372pt.
[49 <./imagens/Prova_1_AA_08.pdf>]
<imagens/Prova_1_AA_08.pdf, id=707, page=4, 597.50829pt x 845.0471pt>
File: imagens/Prova_1_AA_08.pdf Graphic file (type pdf)
<use imagens/Prova_1_AA_08.pdf, page 4>
Package pdftex.def Info: imagens/Prova_1_AA_08.pdf , page4 used on input line 1
883.
(pdftex.def)             Requested size: 597.53416pt x 845.08372pt.
File: imagens/Prova_1_AA_08.pdf Graphic file (type pdf)
<use imagens/Prova_1_AA_08.pdf, page 4>
Package pdftex.def Info: imagens/Prova_1_AA_08.pdf , page4 used on input line 1
883.
(pdftex.def)             Requested size: 597.53416pt x 845.08372pt.
File: imagens/Prova_1_AA_08.pdf Graphic file (type pdf)
<use imagens/Prova_1_AA_08.pdf, page 4>
Package pdftex.def Info: imagens/Prova_1_AA_08.pdf , page4 used on input line 1
883.
(pdftex.def)             Requested size: 597.53416pt x 845.08372pt.
[50 <./imagens/Prova_1_AA_08.pdf>]
<imagens/Prova_1_AA_08.pdf, id=712, page=5, 597.50829pt x 845.0471pt>
File: imagens/Prova_1_AA_08.pdf Graphic file (type pdf)
<use imagens/Prova_1_AA_08.pdf, page 5>
Package pdftex.def Info: imagens/Prova_1_AA_08.pdf , page5 used on input line 1
883.
(pdftex.def)             Requested size: 597.53416pt x 845.08372pt.
File: imagens/Prova_1_AA_08.pdf Graphic file (type pdf)
<use imagens/Prova_1_AA_08.pdf, page 5>
Package pdftex.def Info: imagens/Prova_1_AA_08.pdf , page5 used on input line 1
883.
(pdftex.def)             Requested size: 597.53416pt x 845.08372pt.
File: imagens/Prova_1_AA_08.pdf Graphic file (type pdf)
<use imagens/Prova_1_AA_08.pdf, page 5>
Package pdftex.def Info: imagens/Prova_1_AA_08.pdf , page5 used on input line 1
883.
(pdftex.def)             Requested size: 597.53416pt x 845.08372pt.
[51 <./imagens/Prova_1_AA_08.pdf>]
<imagens/170170586-desbloqueado-editado.pdf, id=718, 597.23125pt x 845.1575pt>
File: imagens/170170586-desbloqueado-editado.pdf Graphic file (type pdf)
<use imagens/170170586-desbloqueado-editado.pdf>
Package pdftex.def Info: imagens/170170586-desbloqueado-editado.pdf  used on in
put line 1888.
(pdftex.def)             Requested size: 452.97093pt x 641.01099pt.
File: imagens/170170586-desbloqueado-editado.pdf Graphic file (type pdf)
<use imagens/170170586-desbloqueado-editado.pdf>
Package pdftex.def Info: imagens/170170586-desbloqueado-editado.pdf  used on in
put line 1888.
(pdftex.def)             Requested size: 452.97093pt x 641.01099pt.
<imagens/170170586-desbloqueado-editado.pdf, id=721, page=1, 597.23125pt x 845.
1575pt>
File: imagens/170170586-desbloqueado-editado.pdf Graphic file (type pdf)
<use imagens/170170586-desbloqueado-editado.pdf, page 1>
Package pdftex.def Info: imagens/170170586-desbloqueado-editado.pdf , page1 use
d on input line 1888.
(pdftex.def)             Requested size: 597.22978pt x 845.15544pt.
File: imagens/170170586-desbloqueado-editado.pdf Graphic file (type pdf)
<use imagens/170170586-desbloqueado-editado.pdf, page 1>
Package pdftex.def Info: imagens/170170586-desbloqueado-editado.pdf , page1 use
d on input line 1888.
(pdftex.def)             Requested size: 597.33913pt x 845.31018pt.
File: imagens/170170586-desbloqueado-editado.pdf Graphic file (type pdf)
<use imagens/170170586-desbloqueado-editado.pdf, page 1>
Package pdftex.def Info: imagens/170170586-desbloqueado-editado.pdf , page1 use
d on input line 1888.
(pdftex.def)             Requested size: 597.33913pt x 845.31018pt.
File: imagens/170170586-desbloqueado-editado.pdf Graphic file (type pdf)
<use imagens/170170586-desbloqueado-editado.pdf, page 1>
Package pdftex.def Info: imagens/170170586-desbloqueado-editado.pdf , page1 use
d on input line 1888.
(pdftex.def)             Requested size: 597.33913pt x 845.31018pt.
File: imagens/170170586-desbloqueado-editado.pdf Graphic file (type pdf)
<use imagens/170170586-desbloqueado-editado.pdf, page 1>
Package pdftex.def Info: imagens/170170586-desbloqueado-editado.pdf , page1 use
d on input line 1888.
(pdftex.def)             Requested size: 597.33913pt x 845.31018pt.
[52 <./imagens/170170586-desbloqueado-editado.pdf>]
<imagens/170170586-desbloqueado-editado.pdf, id=836, page=2, 597.23125pt x 845.
1575pt>
File: imagens/170170586-desbloqueado-editado.pdf Graphic file (type pdf)
<use imagens/170170586-desbloqueado-editado.pdf, page 2>
Package pdftex.def Info: imagens/170170586-desbloqueado-editado.pdf , page2 use
d on input line 1888.
(pdftex.def)             Requested size: 597.33913pt x 845.31018pt.
File: imagens/170170586-desbloqueado-editado.pdf Graphic file (type pdf)
<use imagens/170170586-desbloqueado-editado.pdf, page 2>
Package pdftex.def Info: imagens/170170586-desbloqueado-editado.pdf , page2 use
d on input line 1888.
(pdftex.def)             Requested size: 597.33913pt x 845.31018pt.
File: imagens/170170586-desbloqueado-editado.pdf Graphic file (type pdf)
<use imagens/170170586-desbloqueado-editado.pdf, page 2>
Package pdftex.def Info: imagens/170170586-desbloqueado-editado.pdf , page2 use
d on input line 1888.
(pdftex.def)             Requested size: 597.33913pt x 845.31018pt.
[53 <./imagens/170170586-desbloqueado-editado.pdf>]
<imagens/170170586-desbloqueado-editado.pdf, id=842, page=3, 597.23125pt x 845.
1575pt>
File: imagens/170170586-desbloqueado-editado.pdf Graphic file (type pdf)
<use imagens/170170586-desbloqueado-editado.pdf, page 3>
Package pdftex.def Info: imagens/170170586-desbloqueado-editado.pdf , page3 use
d on input line 1888.
(pdftex.def)             Requested size: 597.33913pt x 845.31018pt.
File: imagens/170170586-desbloqueado-editado.pdf Graphic file (type pdf)
<use imagens/170170586-desbloqueado-editado.pdf, page 3>
Package pdftex.def Info: imagens/170170586-desbloqueado-editado.pdf , page3 use
d on input line 1888.
(pdftex.def)             Requested size: 597.33913pt x 845.31018pt.
File: imagens/170170586-desbloqueado-editado.pdf Graphic file (type pdf)
<use imagens/170170586-desbloqueado-editado.pdf, page 3>
Package pdftex.def Info: imagens/170170586-desbloqueado-editado.pdf , page3 use
d on input line 1888.
(pdftex.def)             Requested size: 597.33913pt x 845.31018pt.
[54 <./imagens/170170586-desbloqueado-editado.pdf>]
<imagens/170170586-desbloqueado-editado.pdf, id=857, page=4, 597.23125pt x 845.
1575pt>
File: imagens/170170586-desbloqueado-editado.pdf Graphic file (type pdf)
<use imagens/170170586-desbloqueado-editado.pdf, page 4>
Package pdftex.def Info: imagens/170170586-desbloqueado-editado.pdf , page4 use
d on input line 1888.
(pdftex.def)             Requested size: 597.33913pt x 845.31018pt.
File: imagens/170170586-desbloqueado-editado.pdf Graphic file (type pdf)
<use imagens/170170586-desbloqueado-editado.pdf, page 4>
Package pdftex.def Info: imagens/170170586-desbloqueado-editado.pdf , page4 use
d on input line 1888.
(pdftex.def)             Requested size: 597.33913pt x 845.31018pt.
File: imagens/170170586-desbloqueado-editado.pdf Graphic file (type pdf)
<use imagens/170170586-desbloqueado-editado.pdf, page 4>
Package pdftex.def Info: imagens/170170586-desbloqueado-editado.pdf , page4 use
d on input line 1888.
(pdftex.def)             Requested size: 597.33913pt x 845.31018pt.
[55 <./imagens/170170586-desbloqueado-editado.pdf>]
<imagens/170170586-desbloqueado-editado.pdf, id=862, page=5, 597.23125pt x 845.
1575pt>
File: imagens/170170586-desbloqueado-editado.pdf Graphic file (type pdf)
<use imagens/170170586-desbloqueado-editado.pdf, page 5>
Package pdftex.def Info: imagens/170170586-desbloqueado-editado.pdf , page5 use
d on input line 1888.
(pdftex.def)             Requested size: 597.33913pt x 845.31018pt.
File: imagens/170170586-desbloqueado-editado.pdf Graphic file (type pdf)
<use imagens/170170586-desbloqueado-editado.pdf, page 5>
Package pdftex.def Info: imagens/170170586-desbloqueado-editado.pdf , page5 use
d on input line 1888.
(pdftex.def)             Requested size: 597.33913pt x 845.31018pt.
File: imagens/170170586-desbloqueado-editado.pdf Graphic file (type pdf)
<use imagens/170170586-desbloqueado-editado.pdf, page 5>
Package pdftex.def Info: imagens/170170586-desbloqueado-editado.pdf , page5 use
d on input line 1888.
(pdftex.def)             Requested size: 597.33913pt x 845.31018pt.
[56 <./imagens/170170586-desbloqueado-editado.pdf>]
<imagens/170170586-desbloqueado-editado.pdf, id=867, page=6, 597.23125pt x 845.
1575pt>
File: imagens/170170586-desbloqueado-editado.pdf Graphic file (type pdf)
<use imagens/170170586-desbloqueado-editado.pdf, page 6>
Package pdftex.def Info: imagens/170170586-desbloqueado-editado.pdf , page6 use
d on input line 1888.
(pdftex.def)             Requested size: 597.33913pt x 845.31018pt.
File: imagens/170170586-desbloqueado-editado.pdf Graphic file (type pdf)
<use imagens/170170586-desbloqueado-editado.pdf, page 6>
Package pdftex.def Info: imagens/170170586-desbloqueado-editado.pdf , page6 use
d on input line 1888.
(pdftex.def)             Requested size: 597.33913pt x 845.31018pt.
File: imagens/170170586-desbloqueado-editado.pdf Graphic file (type pdf)
<use imagens/170170586-desbloqueado-editado.pdf, page 6>
Package pdftex.def Info: imagens/170170586-desbloqueado-editado.pdf , page6 use
d on input line 1888.
(pdftex.def)             Requested size: 597.33913pt x 845.31018pt.
[57 <./imagens/170170586-desbloqueado-editado.pdf>]
<imagens/170170586-desbloqueado-editado.pdf, id=873, page=7, 597.23125pt x 845.
1575pt>
File: imagens/170170586-desbloqueado-editado.pdf Graphic file (type pdf)
<use imagens/170170586-desbloqueado-editado.pdf, page 7>
Package pdftex.def Info: imagens/170170586-desbloqueado-editado.pdf , page7 use
d on input line 1888.
(pdftex.def)             Requested size: 597.33913pt x 845.31018pt.
File: imagens/170170586-desbloqueado-editado.pdf Graphic file (type pdf)
<use imagens/170170586-desbloqueado-editado.pdf, page 7>
Package pdftex.def Info: imagens/170170586-desbloqueado-editado.pdf , page7 use
d on input line 1888.
(pdftex.def)             Requested size: 597.33913pt x 845.31018pt.
File: imagens/170170586-desbloqueado-editado.pdf Graphic file (type pdf)
<use imagens/170170586-desbloqueado-editado.pdf, page 7>
Package pdftex.def Info: imagens/170170586-desbloqueado-editado.pdf , page7 use
d on input line 1888.
(pdftex.def)             Requested size: 597.33913pt x 845.31018pt.
[58 <./imagens/170170586-desbloqueado-editado.pdf>]
<imagens/170170586-desbloqueado-editado.pdf, id=882, page=8, 597.23125pt x 845.
1575pt>
File: imagens/170170586-desbloqueado-editado.pdf Graphic file (type pdf)
<use imagens/170170586-desbloqueado-editado.pdf, page 8>
Package pdftex.def Info: imagens/170170586-desbloqueado-editado.pdf , page8 use
d on input line 1888.
(pdftex.def)             Requested size: 597.33913pt x 845.31018pt.
File: imagens/170170586-desbloqueado-editado.pdf Graphic file (type pdf)
<use imagens/170170586-desbloqueado-editado.pdf, page 8>
Package pdftex.def Info: imagens/170170586-desbloqueado-editado.pdf , page8 use
d on input line 1888.
(pdftex.def)             Requested size: 597.33913pt x 845.31018pt.
File: imagens/170170586-desbloqueado-editado.pdf Graphic file (type pdf)
<use imagens/170170586-desbloqueado-editado.pdf, page 8>
Package pdftex.def Info: imagens/170170586-desbloqueado-editado.pdf , page8 use
d on input line 1888.
(pdftex.def)             Requested size: 597.33913pt x 845.31018pt.
[59 <./imagens/170170586-desbloqueado-editado.pdf>]
<imagens/Formulario.pdf, id=887, 614.295pt x 794.97pt>
File: imagens/Formulario.pdf Graphic file (type pdf)
<use imagens/Formulario.pdf>
Package pdftex.def Info: imagens/Formulario.pdf  used on input line 1893.
(pdftex.def)             Requested size: 452.96832pt x 586.19432pt.
File: imagens/Formulario.pdf Graphic file (type pdf)
<use imagens/Formulario.pdf>
Package pdftex.def Info: imagens/Formulario.pdf  used on input line 1893.
(pdftex.def)             Requested size: 452.96832pt x 586.19432pt.
<imagens/Formulario.pdf, id=890, page=1, 614.295pt x 794.97pt>
File: imagens/Formulario.pdf Graphic file (type pdf)
<use imagens/Formulario.pdf, page 1>
Package pdftex.def Info: imagens/Formulario.pdf , page1 used on input line 1893
.
(pdftex.def)             Requested size: 614.29349pt x 794.96806pt.
File: imagens/Formulario.pdf Graphic file (type pdf)
<use imagens/Formulario.pdf, page 1>
Package pdftex.def Info: imagens/Formulario.pdf , page1 used on input line 1893
.
(pdftex.def)             Requested size: 614.58406pt x 795.3441pt.
File: imagens/Formulario.pdf Graphic file (type pdf)
<use imagens/Formulario.pdf, page 1>
Package pdftex.def Info: imagens/Formulario.pdf , page1 used on input line 1893
.
(pdftex.def)             Requested size: 614.58406pt x 795.3441pt.
File: imagens/Formulario.pdf Graphic file (type pdf)
<use imagens/Formulario.pdf, page 1>
Package pdftex.def Info: imagens/Formulario.pdf , page1 used on input line 1893
.
(pdftex.def)             Requested size: 614.58406pt x 795.3441pt.
File: imagens/Formulario.pdf Graphic file (type pdf)
<use imagens/Formulario.pdf, page 1>
Package pdftex.def Info: imagens/Formulario.pdf , page1 used on input line 1893
.
(pdftex.def)             Requested size: 614.58406pt x 795.3441pt.
[60 <./imagens/Formulario.pdf>]
<imagens/Formulario.pdf, id=957, page=2, 614.295pt x 794.97pt>
File: imagens/Formulario.pdf Graphic file (type pdf)
<use imagens/Formulario.pdf, page 2>
Package pdftex.def Info: imagens/Formulario.pdf , page2 used on input line 1893
.
(pdftex.def)             Requested size: 614.58406pt x 795.3441pt.
File: imagens/Formulario.pdf Graphic file (type pdf)
<use imagens/Formulario.pdf, page 2>
Package pdftex.def Info: imagens/Formulario.pdf , page2 used on input line 1893
.
(pdftex.def)             Requested size: 614.58406pt x 795.3441pt.
File: imagens/Formulario.pdf Graphic file (type pdf)
<use imagens/Formulario.pdf, page 2>
Package pdftex.def Info: imagens/Formulario.pdf , page2 used on input line 1893
.
(pdftex.def)             Requested size: 614.58406pt x 795.3441pt.
[61 <./imagens/Formulario.pdf>] [62] [63] [64] [65] [66] [67] [68]
Package atveryend Info: Empty hook `BeforeClearDocument' on input line 2317.
Package atveryend Info: Empty hook `AfterLastShipout' on input line 2317.
(Relatorio.aux)
Package atveryend Info: Executing hook `AtVeryEndDocument' on input line 2317.
Package atveryend Info: Executing hook `AtEndAfterFileList' on input line 2317.

Package rerunfilecheck Info: File `Relatorio.out' has not changed.
(rerunfilecheck)             Checksum: 345EC53E1CF997AE9A1B7288876F2D33;7449.

LaTeX Warning: There were multiply-defined labels.

Package atveryend Info: Empty hook `AtVeryVeryEnd' on input line 2317.
 ) 
Here is how much of TeX's memory you used:
 28725 strings out of 492974
 500150 string characters out of 3135948
 674083 words of memory out of 3000000
 31753 multiletter control sequences out of 15000+200000
 75831 words of font info for 127 fonts, out of 3000000 for 9000
 1141 hyphenation exceptions out of 8191
 62i,18n,87p,1200b,769s stack positions out of 5000i,500n,10000p,200000b,50000s
{C:/Program Files/MiKTeX 2.9/fonts/enc/dvips/lm/lm-ec.enc}{C:/Program Files/M
iKTeX 2.9/fonts/enc/dvips/lm/lm-mathsy.enc}{C:/Program Files/MiKTeX 2.9/fonts/e
nc/dvips/lm/lm-mathit.enc}{C:/Program Files/MiKTeX 2.9/fonts/enc/dvips/lm/lm-rm
.enc}{C:/Program Files/MiKTeX 2.9/fonts/enc/dvips/lm/lm-ts1.enc}<C:/Program Fil
es/MiKTeX 2.9/fonts/type1/public/amsfonts/cm/cmbx12.pfb><C:/Program Files/MiKTe
X 2.9/fonts/type1/public/amsfonts/cm/cmex10.pfb><C:/Program Files/MiKTeX 2.9/fo
nts/type1/public/amsfonts/cmextra/cmex8.pfb><C:/Program Files/MiKTeX 2.9/fonts/
type1/public/amsfonts/cm/cmmi10.pfb><C:/Program Files/MiKTeX 2.9/fonts/type1/pu
blic/amsfonts/cm/cmmi12.pfb><C:/Program Files/MiKTeX 2.9/fonts/type1/public/ams
fonts/cm/cmmi6.pfb><C:/Program Files/MiKTeX 2.9/fonts/type1/public/amsfonts/cm/
cmmi8.pfb><C:/Program Files/MiKTeX 2.9/fonts/type1/public/amsfonts/cm/cmr12.pfb
><C:/Program Files/MiKTeX 2.9/fonts/type1/public/amsfonts/cm/cmr6.pfb><C:/Progr
am Files/MiKTeX 2.9/fonts/type1/public/amsfonts/cm/cmr8.pfb><C:/Program Files/M
iKTeX 2.9/fonts/type1/public/amsfonts/cm/cmsy10.pfb><C:/Program Files/MiKTeX 2.
9/fonts/type1/public/amsfonts/cm/cmsy6.pfb><C:/Program Files/MiKTeX 2.9/fonts/t
ype1/public/amsfonts/cm/cmsy8.pfb><C:/Program Files/MiKTeX 2.9/fonts/type1/publ
ic/amsfonts/latxfont/linew10.pfb><C:/Program Files/MiKTeX 2.9/fonts/type1/publi
c/lm/lmbx10.pfb><C:/Program Files/MiKTeX 2.9/fonts/type1/public/lm/lmbx12.pfb><
C:/Program Files/MiKTeX 2.9/fonts/type1/public/lm/lmmi10.pfb><C:/Program Files/
MiKTeX 2.9/fonts/type1/public/lm/lmmi7.pfb><C:/Program Files/MiKTeX 2.9/fonts/t
ype1/public/lm/lmr10.pfb><C:/Program Files/MiKTeX 2.9/fonts/type1/public/lm/lmr
8.pfb><C:/Program Files/MiKTeX 2.9/fonts/type1/public/lm/lmr9.pfb><C:/Program F
iles/MiKTeX 2.9/fonts/type1/public/lm/lmri10.pfb><C:/Program Files/MiKTeX 2.9/f
onts/type1/public/lm/lmsy10.pfb><C:/Program Files/MiKTeX 2.9/fonts/type1/public
/lm/lmtk10.pfb><C:/Program Files/MiKTeX 2.9/fonts/type1/public/lm/lmtt10.pfb><C
:/Program Files/MiKTeX 2.9/fonts/type1/public/lm/lmtti10.pfb><C:/Program Files/
MiKTeX 2.9/fonts/type1/public/amsfonts/symbols/msbm10.pfb><C:/Program Files/MiK
TeX 2.9/fonts/type1/urw/helvetic/uhvb8a.pfb><C:/Program Files/MiKTeX 2.9/fonts/
type1/urw/helvetic/uhvr8a.pfb><C:/Program Files/MiKTeX 2.9/fonts/type1/urw/helv
etic/uhvro8a.pfb>
Output written on Relatorio.pdf (72 pages, 5185474 bytes).
PDF statistics:
 1095 PDF objects out of 1200 (max. 8388607)
 154 named destinations out of 1000 (max. 500000)
 14972 words of extra memory for PDF output out of 17280 (max. 10000000)

