\BOOKMARK [1][-]{Doc-Start}{\376\377\000P\000A\000R\000T\000E\000\040\0001}{}% 1
\BOOKMARK [2][-]{section*.1}{\376\377\000P\000R\000\311\000-\000R\000E\000Q\000U\000I\000S\000I\000T\000O\000S}{Doc-Start}% 2
\BOOKMARK [3][-]{section*.1}{\376\377\0001\000.\000\040\000P\000r\000o\000g\000r\000a\000m\000a\000s}{Doc-Start}% 3
\BOOKMARK [3][-]{section*.1}{\376\377\0002\000.\000\040\000P\000a\000s\000t\000a\000s\000\040\000e\000\040\000a\000r\000q\000u\000i\000v\000o\000s}{Doc-Start}% 4
\BOOKMARK [1][-]{figure.5}{\376\377\000P\000A\000R\000T\000E\000\040\0002}{}% 5
\BOOKMARK [2][-]{section*.2}{\376\377\000G\000E\000R\000A\000\307\000\303\000O\000\040\000D\000A\000S\000\040\000P\000R\000O\000V\000A\000S}{figure.5}% 6
\BOOKMARK [3][-]{section*.2}{\376\377\0001\000.\000\040\000L\000o\000c\000a\000l\000i\000z\000a\000n\000d\000o\000\040\000a\000s\000\040\000p\000a\000s\000t\000a\000s}{figure.5}% 7
\BOOKMARK [3][-]{section*.2}{\376\377\0002\000.\000\040\000C\000a\000r\000r\000e\000g\000a\000n\000d\000o\000\040\000a\000s\000\040\000f\000u\000n\000\347\000\365\000e\000s\000\040\000s\000u\000p\000l\000e\000m\000e\000n\000t\000a\000r\000e\000s}{figure.5}% 8
\BOOKMARK [3][-]{section*.2}{\376\377\0003\000.\000\040\000O\000r\000g\000a\000n\000i\000z\000a\000n\000d\000o\000\040\000o\000\040\000c\000a\000d\000a\000s\000t\000r\000o\000\040\000d\000o\000s\000\040\000a\000l\000u\000n\000o\000s}{figure.5}% 9
\BOOKMARK [3][-]{figure.7}{\376\377\0004\000.\000\040\000D\000e\000f\000i\000n\000i\000n\000d\000o\000\040\000o\000s\000\040\000p\000a\000r\000\342\000m\000e\000t\000r\000o\000s\000\040\000d\000a\000\040\000p\000r\000o\000v\000a}{figure.5}% 10
\BOOKMARK [3][-]{figure.7}{\376\377\0005\000.\000\040\000D\000e\000f\000i\000n\000i\000n\000d\000o\000\040\000a\000\040\000e\000s\000t\000r\000u\000t\000u\000r\000a\000\040\000d\000e\000\040\000q\000u\000e\000s\000t\000\365\000e\000s\000\040\000p\000a\000r\000a\000\040\000a\000\040\000p\000r\000o\000v\000a}{figure.5}% 11
\BOOKMARK [3][-]{figure.7}{\376\377\0006\000.\000\040\000S\000o\000r\000t\000e\000a\000n\000d\000o\000\040\000a\000s\000\040\000q\000u\000e\000s\000t\000\365\000e\000s\000\040\000p\000a\000r\000a\000\040\000a\000s\000\040\000t\000u\000r\000m\000a\000s}{figure.5}% 12
\BOOKMARK [3][-]{figure.8}{\376\377\0007\000.\000\040\000C\000r\000i\000a\000n\000d\000o\000\040\000m\000\372\000l\000t\000i\000p\000l\000o\000s\000\040\000e\000x\000a\000m\000e\000s}{figure.5}% 13
\BOOKMARK [3][-]{figure.10}{\376\377\0008\000.\000\040\000S\000a\000l\000v\000a\000n\000d\000o\000\040\000a\000\040\000\341\000r\000e\000a\000\040\000d\000e\000\040\000t\000r\000a\000b\000a\000l\000h\000o}{figure.5}% 14
\BOOKMARK [1][-]{figure.10}{\376\377\000P\000A\000R\000T\000E\000\040\0003}{}% 15
\BOOKMARK [2][-]{section*.3}{\376\377\000C\000O\000R\000R\000E\000\307\000\303\000O\000\040\000D\000A\000S\000\040\000P\000R\000O\000V\000A\000S}{figure.10}% 16
\BOOKMARK [3][-]{section*.3}{\376\377\0001\000.\000\040\000I\000n\000s\000t\000r\000u\000\347\000\365\000e\000s\000\040\000g\000e\000r\000a\000i\000s}{figure.10}% 17
\BOOKMARK [3][-]{section*.3}{\376\377\0002\000.\000\040\000C\000a\000r\000r\000e\000g\000a\000n\000d\000o\000\040\000o\000s\000\040\000a\000r\000q\000u\000i\000v\000o\000s}{figure.10}% 18
\BOOKMARK [3][-]{section*.3}{\376\377\0003\000.\000\040\000L\000o\000c\000a\000l\000i\000z\000a\000n\000d\000o\000\040\000a\000s\000\040\000p\000a\000s\000t\000a\000s}{figure.10}% 19
\BOOKMARK [3][-]{section*.3}{\376\377\0004\000.\000\040\000D\000i\000g\000i\000t\000a\000l\000i\000z\000a\000n\000d\000o\000\040\000a\000s\000\040\000r\000e\000s\000p\000o\000s\000t\000a\000s}{figure.10}% 20
\BOOKMARK [3][-]{section*.3}{\376\377\0005\000.\000\040\000C\000h\000e\000c\000a\000n\000d\000o\000\040\000a\000s\000\040\000l\000e\000i\000t\000u\000r\000a\000s}{figure.10}% 21
\BOOKMARK [3][-]{section*.3}{\376\377\0006\000.\000\040\000G\000e\000r\000a\000n\000d\000o\000\040\000o\000s\000\040\000r\000e\000s\000u\000l\000t\000a\000d\000o\000s}{figure.10}% 22
\BOOKMARK [3][-]{section*.3}{\376\377\0007\000.\000\040\000S\000a\000l\000v\000a\000n\000d\000o\000\040\000a\000\040\000\341\000r\000e\000a\000\040\000d\000e\000\040\000t\000r\000a\000b\000a\000l\000h\000o}{figure.10}% 23
\BOOKMARK [1][-]{section*.3}{\376\377\000A\000N\000E\000X\000O\000\040\0001}{}% 24
\BOOKMARK [2][-]{section*.4}{\376\377\000E\000x\000e\000m\000p\000l\000o\000\040\000d\000e\000\040\000P\000r\000o\000v\000a}{section*.3}% 25
\BOOKMARK [1][-]{section*.4}{\376\377\000A\000N\000E\000X\000O\000\040\0002}{}% 26
\BOOKMARK [2][-]{section*.5}{\376\377\000E\000x\000e\000m\000p\000l\000o\000\040\000d\000e\000\040\000R\000e\000s\000u\000l\000t\000a\000d\000o}{section*.4}% 27
